TN:
SF:docs/js/ai/game-ai-system.js
FN:7,(anonymous_0)
FN:26,(anonymous_1)
FN:29,(anonymous_2)
FN:74,(anonymous_3)
FN:109,(anonymous_4)
FN:133,(anonymous_5)
FN:163,(anonymous_6)
FN:170,(anonymous_7)
FN:175,(anonymous_8)
FN:185,(anonymous_9)
FN:199,(anonymous_10)
FN:213,(anonymous_11)
FN:232,(anonymous_12)
FN:240,(anonymous_13)
FN:242,(anonymous_14)
FN:253,(anonymous_15)
FN:266,(anonymous_16)
FN:288,(anonymous_17)
FN:314,(anonymous_18)
FN:341,initializeGameAI
FN:348,(anonymous_20)
FN:353,(anonymous_21)
FN:358,(anonymous_22)
FN:362,(anonymous_23)
FNF:24
FNH:0
FNDA:0,(anonymous_0)
FNDA:0,(anonymous_1)
FNDA:0,(anonymous_2)
FNDA:0,(anonymous_3)
FNDA:0,(anonymous_4)
FNDA:0,(anonymous_5)
FNDA:0,(anonymous_6)
FNDA:0,(anonymous_7)
FNDA:0,(anonymous_8)
FNDA:0,(anonymous_9)
FNDA:0,(anonymous_10)
FNDA:0,(anonymous_11)
FNDA:0,(anonymous_12)
FNDA:0,(anonymous_13)
FNDA:0,(anonymous_14)
FNDA:0,(anonymous_15)
FNDA:0,(anonymous_16)
FNDA:0,(anonymous_17)
FNDA:0,(anonymous_18)
FNDA:0,initializeGameAI
FNDA:0,(anonymous_20)
FNDA:0,(anonymous_21)
FNDA:0,(anonymous_22)
FNDA:0,(anonymous_23)
DA:9,0
DA:16,0
DA:17,0
DA:18,0
DA:19,0
DA:20,0
DA:28,0
DA:29,0
DA:33,0
DA:51,0
DA:52,0
DA:55,0
DA:74,0
DA:76,0
DA:79,0
DA:103,0
DA:110,0
DA:111,0
DA:112,0
DA:113,0
DA:115,0
DA:116,0
DA:117,0
DA:118,0
DA:119,0
DA:121,0
DA:123,0
DA:124,0
DA:125,0
DA:126,0
DA:134,0
DA:136,0
DA:138,0
DA:140,0
DA:141,0
DA:143,0
DA:144,0
DA:146,0
DA:147,0
DA:149,0
DA:150,0
DA:152,0
DA:155,0
DA:156,0
DA:164,0
DA:165,0
DA:166,0
DA:167,0
DA:168,0
DA:169,0
DA:170,0
DA:171,0
DA:174,0
DA:175,0
DA:176,0
DA:179,0
DA:186,0
DA:193,0
DA:200,0
DA:207,0
DA:214,0
DA:216,0
DA:217,0
DA:218,0
DA:219,0
DA:220,0
DA:221,0
DA:222,0
DA:223,0
DA:226,0
DA:233,0
DA:235,0
DA:236,0
DA:237,0
DA:240,0
DA:241,0
DA:242,0
DA:243,0
DA:254,0
DA:255,0
DA:256,0
DA:257,0
DA:258,0
DA:259,0
DA:260,0
DA:267,0
DA:269,0
DA:270,0
DA:272,0
DA:275,0
DA:278,0
DA:279,0
DA:282,0
DA:289,0
DA:290,0
DA:292,0
DA:294,0
DA:295,0
DA:296,0
DA:298,0
DA:299,0
DA:303,0
DA:306,0
DA:307,0
DA:308,0
DA:315,0
DA:316,0
DA:317,0
DA:319,0
DA:320,0
DA:323,0
DA:324,0
DA:325,0
DA:328,0
DA:329,0
DA:335,0
DA:336,0
DA:337,0
DA:338,0
DA:342,0
DA:343,0
DA:344,0
DA:345,0
DA:348,0
DA:349,0
DA:350,0
DA:353,0
DA:354,0
DA:355,0
DA:358,0
DA:359,0
DA:362,0
DA:363,0
DA:367,0
DA:368,0
DA:369,0
DA:370,0
DA:376,0
DA:377,0
DA:380,0
LF:140
LH:0
BRDA:9,0,0,0
BRDA:9,0,1,0
BRDA:28,1,0,0
BRDA:28,1,1,0
BRDA:115,2,0,0
BRDA:115,2,1,0
BRDA:118,3,0,0
BRDA:118,3,1,0
BRDA:134,4,0,0
BRDA:134,4,1,0
BRDA:138,5,0,0
BRDA:138,5,1,0
BRDA:138,5,2,0
BRDA:138,5,3,0
BRDA:149,6,0,0
BRDA:149,6,1,0
BRDA:155,7,0,0
BRDA:155,7,1,0
BRDA:165,8,0,0
BRDA:165,8,1,0
BRDA:166,9,0,0
BRDA:166,9,1,0
BRDA:167,10,0,0
BRDA:167,10,1,0
BRDA:168,11,0,0
BRDA:168,11,1,0
BRDA:169,12,0,0
BRDA:169,12,1,0
BRDA:174,13,0,0
BRDA:174,13,1,0
BRDA:214,14,0,0
BRDA:214,14,1,0
BRDA:216,15,0,0
BRDA:216,15,1,0
BRDA:218,16,0,0
BRDA:218,16,1,0
BRDA:220,17,0,0
BRDA:220,17,1,0
BRDA:222,18,0,0
BRDA:222,18,1,0
BRDA:233,19,0,0
BRDA:233,19,1,0
BRDA:233,20,0,0
BRDA:233,20,1,0
BRDA:245,21,0,0
BRDA:245,21,1,0
BRDA:267,22,0,0
BRDA:267,22,1,0
BRDA:269,23,0,0
BRDA:269,23,1,0
BRDA:278,24,0,0
BRDA:278,24,1,0
BRDA:292,25,0,0
BRDA:292,25,1,0
BRDA:296,26,0,0
BRDA:296,26,1,0
BRDA:319,27,0,0
BRDA:319,27,1,0
BRDA:323,28,0,0
BRDA:323,28,1,0
BRDA:328,29,0,0
BRDA:328,29,1,0
BRDA:367,30,0,0
BRDA:367,30,1,0
BRDA:369,31,0,0
BRDA:369,31,1,0
BRDA:376,32,0,0
BRDA:376,32,1,0
BRF:68
BRH:0
end_of_record
TN:
SF:docs/js/ai/game-event-bridge.js
FN:7,(anonymous_0)
FN:16,(anonymous_1)
FN:27,(anonymous_2)
FN:47,(anonymous_3)
FN:60,(anonymous_4)
FN:75,(anonymous_5)
FN:96,(anonymous_6)
FN:152,(anonymous_7)
FN:153,(anonymous_8)
FN:189,(anonymous_9)
FNF:10
FNH:0
FNDA:0,(anonymous_0)
FNDA:0,(anonymous_1)
FNDA:0,(anonymous_2)
FNDA:0,(anonymous_3)
FNDA:0,(anonymous_4)
FNDA:0,(anonymous_5)
FNDA:0,(anonymous_6)
FNDA:0,(anonymous_7)
FNDA:0,(anonymous_8)
FNDA:0,(anonymous_9)
DA:8,0
DA:9,0
DA:10,0
DA:18,0
DA:23,0
DA:24,0
DA:25,0
DA:27,0
DA:28,0
DA:29,0
DA:30,0
DA:31,0
DA:33,0
DA:34,0
DA:37,0
DA:38,0
DA:41,0
DA:48,0
DA:49,0
DA:52,0
DA:53,0
DA:61,0
DA:63,0
DA:75,0
DA:76,0
DA:79,0
DA:82,0
DA:83,0
DA:86,0
DA:89,0
DA:97,0
DA:98,0
DA:145,0
DA:153,0
DA:154,0
DA:156,0
DA:157,0
DA:170,0
DA:173,0
DA:174,0
DA:176,0
DA:186,0
DA:189,0
DA:191,0
DA:195,0
LF:45
LH:0
BRDA:18,0,0,0
BRDA:18,0,1,0
BRDA:29,1,0,0
BRDA:29,1,1,0
BRDA:29,2,0,0
BRDA:29,2,1,0
BRDA:52,3,0,0
BRDA:52,3,1,0
BRDA:77,4,0,0
BRDA:77,4,1,0
BRDA:154,5,0,0
BRDA:154,5,1,0
BRDA:173,6,0,0
BRDA:173,6,1,0
BRDA:173,7,0,0
BRDA:173,7,1,0
BRDA:181,8,0,0
BRDA:181,8,1,0
BRF:18
BRH:0
end_of_record
TN:
SF:docs/js/analytics/analytics.js
FN:9,(anonymous_0)
FN:34,(anonymous_1)
FN:55,(anonymous_2)
FN:60,(anonymous_3)
FN:71,(anonymous_4)
FN:86,(anonymous_5)
FN:119,(anonymous_6)
FN:130,(anonymous_7)
FN:141,(anonymous_8)
FN:152,(anonymous_9)
FN:162,(anonymous_10)
FN:247,(anonymous_11)
FN:262,(anonymous_12)
FN:272,(anonymous_13)
FN:295,(anonymous_14)
FN:317,(anonymous_15)
FN:331,(anonymous_16)
FN:346,(anonymous_17)
FN:359,(anonymous_18)
FN:378,(anonymous_19)
FN:386,(anonymous_20)
FN:396,(anonymous_21)
FN:404,(anonymous_22)
FN:415,(anonymous_23)
FN:433,(anonymous_24)
FN:447,(anonymous_25)
FN:462,(anonymous_26)
FN:475,(anonymous_27)
FN:504,(anonymous_28)
FN:518,(anonymous_29)
FN:531,(anonymous_30)
FN:544,(anonymous_31)
FN:546,(anonymous_32)
FN:555,(anonymous_33)
FN:563,(anonymous_34)
FN:570,(anonymous_35)
FN:575,(anonymous_36)
FN:598,(anonymous_37)
FNF:38
FNH:0
FNDA:0,(anonymous_0)
FNDA:0,(anonymous_1)
FNDA:0,(anonymous_2)
FNDA:0,(anonymous_3)
FNDA:0,(anonymous_4)
FNDA:0,(anonymous_5)
FNDA:0,(anonymous_6)
FNDA:0,(anonymous_7)
FNDA:0,(anonymous_8)
FNDA:0,(anonymous_9)
FNDA:0,(anonymous_10)
FNDA:0,(anonymous_11)
FNDA:0,(anonymous_12)
FNDA:0,(anonymous_13)
FNDA:0,(anonymous_14)
FNDA:0,(anonymous_15)
FNDA:0,(anonymous_16)
FNDA:0,(anonymous_17)
FNDA:0,(anonymous_18)
FNDA:0,(anonymous_19)
FNDA:0,(anonymous_20)
FNDA:0,(anonymous_21)
FNDA:0,(anonymous_22)
FNDA:0,(anonymous_23)
FNDA:0,(anonymous_24)
FNDA:0,(anonymous_25)
FNDA:0,(anonymous_26)
FNDA:0,(anonymous_27)
FNDA:0,(anonymous_28)
FNDA:0,(anonymous_29)
FNDA:0,(anonymous_30)
FNDA:0,(anonymous_31)
FNDA:0,(anonymous_32)
FNDA:0,(anonymous_33)
FNDA:0,(anonymous_34)
FNDA:0,(anonymous_35)
FNDA:0,(anonymous_36)
FNDA:0,(anonymous_37)
DA:10,0
DA:11,0
DA:12,0
DA:13,0
DA:16,0
DA:17,0
DA:18,0
DA:19,0
DA:22,0
DA:28,0
DA:36,0
DA:39,0
DA:40,0
DA:41,0
DA:42,0
DA:46,0
DA:47,0
DA:55,0
DA:56,0
DA:60,0
DA:61,0
DA:64,0
DA:65,0
DA:72,0
DA:74,0
DA:76,0
DA:78,0
DA:79,0
DA:87,0
DA:88,0
DA:89,0
DA:113,0
DA:120,0
DA:121,0
DA:122,0
DA:123,0
DA:124,0
DA:131,0
DA:132,0
DA:133,0
DA:134,0
DA:142,0
DA:143,0
DA:153,0
DA:154,0
DA:155,0
DA:163,0
DA:164,0
DA:165,0
DA:241,0
DA:248,0
DA:249,0
DA:250,0
DA:251,0
DA:252,0
DA:253,0
DA:256,0
DA:263,0
DA:264,0
DA:265,0
DA:273,0
DA:275,0
DA:278,0
DA:279,0
DA:285,0
DA:286,0
DA:288,0
DA:296,0
DA:298,0
DA:305,0
DA:306,0
DA:309,0
DA:318,0
DA:319,0
DA:320,0
DA:322,0
DA:332,0
DA:334,0
DA:347,0
DA:350,0
DA:351,0
DA:360,0
DA:367,0
DA:368,0
DA:369,0
DA:379,0
DA:387,0
DA:397,0
DA:405,0
DA:416,0
DA:418,0
DA:419,0
DA:427,0
DA:434,0
DA:436,0
DA:449,0
DA:450,0
DA:451,0
DA:453,0
DA:454,0
DA:456,0
DA:463,0
DA:464,0
DA:465,0
DA:466,0
DA:467,0
DA:469,0
DA:477,0
DA:478,0
DA:479,0
DA:481,0
DA:482,0
DA:483,0
DA:485,0
DA:486,0
DA:487,0
DA:489,0
DA:492,0
DA:495,0
DA:505,0
DA:507,0
DA:508,0
DA:519,0
DA:521,0
DA:522,0
DA:532,0
DA:533,0
DA:539,0
DA:542,0
DA:546,0
DA:547,0
DA:548,0
DA:553,0
DA:554,0
DA:555,0
DA:556,0
DA:557,0
DA:562,0
DA:563,0
DA:564,0
DA:572,0
DA:573,0
DA:575,0
DA:576,0
DA:577,0
DA:579,0
DA:580,0
DA:581,0
DA:582,0
DA:585,0
DA:586,0
DA:590,0
DA:593,0
DA:598,0
DA:599,0
DA:600,0
LF:156
LH:0
BRDA:39,0,0,0
BRDA:39,0,1,0
BRDA:39,1,0,0
BRDA:39,1,1,0
BRDA:56,2,0,0
BRDA:56,2,1,0
BRDA:74,3,0,0
BRDA:74,3,1,0
BRDA:142,4,0,0
BRDA:142,4,1,0
BRDA:144,5,0,0
BRDA:144,5,1,0
BRDA:154,6,0,0
BRDA:154,6,1,0
BRDA:222,7,0,0
BRDA:222,7,1,0
BRDA:249,8,0,0
BRDA:249,8,1,0
BRDA:250,9,0,0
BRDA:250,9,1,0
BRDA:250,10,0,0
BRDA:250,10,1,0
BRDA:252,11,0,0
BRDA:252,11,1,0
BRDA:252,12,0,0
BRDA:252,12,1,0
BRDA:264,13,0,0
BRDA:264,13,1,0
BRDA:273,14,0,0
BRDA:273,14,1,0
BRDA:278,15,0,0
BRDA:278,15,1,0
BRDA:295,16,0,0
BRDA:296,17,0,0
BRDA:296,17,1,0
BRDA:305,18,0,0
BRDA:305,18,1,0
BRDA:325,19,0,0
BRDA:325,19,1,0
BRDA:336,20,0,0
BRDA:336,20,1,0
BRDA:346,21,0,0
BRDA:350,22,0,0
BRDA:350,22,1,0
BRDA:368,23,0,0
BRDA:368,23,1,0
BRDA:415,24,0,0
BRDA:416,25,0,0
BRDA:416,25,1,0
BRDA:418,26,0,0
BRDA:418,26,1,0
BRDA:433,27,0,0
BRDA:433,28,0,0
BRDA:434,29,0,0
BRDA:434,29,1,0
BRDA:449,30,0,0
BRDA:449,30,1,0
BRDA:485,31,0,0
BRDA:485,31,1,0
BRDA:497,32,0,0
BRDA:497,32,1,0
BRDA:505,33,0,0
BRDA:505,33,1,0
BRDA:505,34,0,0
BRDA:505,34,1,0
BRDA:510,35,0,0
BRDA:510,35,1,0
BRDA:519,36,0,0
BRDA:519,36,1,0
BRDA:521,37,0,0
BRDA:521,37,1,0
BRDA:531,38,0,0
BRDA:532,39,0,0
BRDA:532,39,1,0
BRDA:533,40,0,0
BRDA:533,40,1,0
BRDA:547,41,0,0
BRDA:547,41,1,0
BRDA:553,42,0,0
BRDA:553,42,1,0
BRDA:562,43,0,0
BRDA:562,43,1,0
BRDA:579,44,0,0
BRDA:579,44,1,0
BRDA:585,45,0,0
BRDA:585,45,1,0
BRF:86
BRH:0
end_of_record
TN:
SF:docs/js/analytics/network-monitor.js
FN:7,(anonymous_0)
FN:29,(anonymous_1)
FN:31,(anonymous_2)
FN:32,(anonymous_3)
FN:36,(anonymous_4)
FN:40,(anonymous_5)
FN:52,(anonymous_6)
FN:79,(anonymous_7)
FN:109,(anonymous_8)
FN:128,(anonymous_9)
FN:156,(anonymous_10)
FN:183,(anonymous_11)
FN:197,(anonymous_12)
FN:222,(anonymous_13)
FN:227,(anonymous_14)
FN:234,(anonymous_15)
FN:259,(anonymous_16)
FN:266,(anonymous_17)
FN:278,(anonymous_18)
FN:284,(anonymous_19)
FN:296,(anonymous_20)
FN:302,(anonymous_21)
FN:315,(anonymous_22)
FN:324,(anonymous_23)
FN:336,(anonymous_24)
FN:349,(anonymous_25)
FN:360,(anonymous_26)
FN:379,(anonymous_27)
FN:400,(anonymous_28)
FN:402,(anonymous_29)
FN:407,(anonymous_30)
FN:412,(anonymous_31)
FN:420,(anonymous_32)
FN:435,(anonymous_33)
FN:450,(anonymous_34)
FN:468,(anonymous_35)
FN:480,(anonymous_36)
FN:495,(anonymous_37)
FNF:38
FNH:0
FNDA:0,(anonymous_0)
FNDA:0,(anonymous_1)
FNDA:0,(anonymous_2)
FNDA:0,(anonymous_3)
FNDA:0,(anonymous_4)
FNDA:0,(anonymous_5)
FNDA:0,(anonymous_6)
FNDA:0,(anonymous_7)
FNDA:0,(anonymous_8)
FNDA:0,(anonymous_9)
FNDA:0,(anonymous_10)
FNDA:0,(anonymous_11)
FNDA:0,(anonymous_12)
FNDA:0,(anonymous_13)
FNDA:0,(anonymous_14)
FNDA:0,(anonymous_15)
FNDA:0,(anonymous_16)
FNDA:0,(anonymous_17)
FNDA:0,(anonymous_18)
FNDA:0,(anonymous_19)
FNDA:0,(anonymous_20)
FNDA:0,(anonymous_21)
FNDA:0,(anonymous_22)
FNDA:0,(anonymous_23)
FNDA:0,(anonymous_24)
FNDA:0,(anonymous_25)
FNDA:0,(anonymous_26)
FNDA:0,(anonymous_27)
FNDA:0,(anonymous_28)
FNDA:0,(anonymous_29)
FNDA:0,(anonymous_30)
FNDA:0,(anonymous_31)
FNDA:0,(anonymous_32)
FNDA:0,(anonymous_33)
FNDA:0,(anonymous_34)
FNDA:0,(anonymous_35)
FNDA:0,(anonymous_36)
FNDA:0,(anonymous_37)
DA:8,0
DA:9,0
DA:10,0
DA:16,0
DA:17,0
DA:23,0
DA:31,0
DA:32,0
DA:35,0
DA:36,0
DA:40,0
DA:43,0
DA:46,0
DA:54,0
DA:56,0
DA:57,0
DA:58,0
DA:59,0
DA:60,0
DA:70,0
DA:73,0
DA:80,0
DA:82,0
DA:83,0
DA:84,0
DA:86,0
DA:87,0
DA:88,0
DA:89,0
DA:90,0
DA:91,0
DA:92,0
DA:93,0
DA:95,0
DA:96,0
DA:97,0
DA:100,0
DA:101,0
DA:102,0
DA:103,0
DA:110,0
DA:111,0
DA:118,0
DA:129,0
DA:131,0
DA:132,0
DA:134,0
DA:136,0
DA:138,0
DA:140,0
DA:142,0
DA:146,0
DA:147,0
DA:150,0
DA:157,0
DA:160,0
DA:161,0
DA:164,0
DA:165,0
DA:168,0
DA:169,0
DA:173,0
DA:174,0
DA:177,0
DA:184,0
DA:186,0
DA:187,0
DA:188,0
DA:190,0
DA:198,0
DA:199,0
DA:201,0
DA:202,0
DA:203,0
DA:206,0
DA:211,0
DA:213,0
DA:214,0
DA:221,0
DA:222,0
DA:226,0
DA:227,0
DA:235,0
DA:236,0
DA:239,0
DA:243,0
DA:244,0
DA:246,0
DA:247,0
DA:248,0
DA:250,0
DA:260,0
DA:261,0
DA:262,0
DA:263,0
DA:266,0
DA:267,0
DA:268,0
DA:270,0
DA:279,0
DA:280,0
DA:281,0
DA:284,0
DA:285,0
DA:286,0
DA:288,0
DA:297,0
DA:298,0
DA:299,0
DA:301,0
DA:302,0
DA:303,0
DA:304,0
DA:306,0
DA:316,0
DA:317,0
DA:325,0
DA:326,0
DA:327,0
DA:328,0
DA:337,0
DA:350,0
DA:351,0
DA:353,0
DA:354,0
DA:359,0
DA:361,0
DA:362,0
DA:365,0
DA:380,0
DA:381,0
DA:382,0
DA:394,0
DA:402,0
DA:403,0
DA:407,0
DA:408,0
DA:412,0
DA:413,0
DA:421,0
DA:424,0
DA:425,0
DA:429,0
DA:436,0
DA:439,0
DA:440,0
DA:444,0
DA:451,0
DA:454,0
DA:455,0
DA:462,0
DA:470,0
DA:471,0
DA:473,0
DA:481,0
DA:490,0
DA:491,0
DA:495,0
DA:497,0
DA:500,0
DA:501,0
LF:161
LH:0
BRDA:35,0,0,0
BRDA:35,0,1,0
BRDA:56,1,0,0
BRDA:56,1,1,0
BRDA:80,2,0,0
BRDA:80,2,1,0
BRDA:86,3,0,0
BRDA:86,3,1,0
BRDA:90,4,0,0
BRDA:90,4,1,0
BRDA:110,5,0,0
BRDA:110,5,1,0
BRDA:131,6,0,0
BRDA:131,6,1,0
BRDA:132,7,0,0
BRDA:132,7,1,0
BRDA:132,7,2,0
BRDA:132,7,3,0
BRDA:132,7,4,0
BRDA:146,8,0,0
BRDA:146,8,1,0
BRDA:160,9,0,0
BRDA:160,9,1,0
BRDA:160,10,0,0
BRDA:160,10,1,0
BRDA:164,11,0,0
BRDA:164,11,1,0
BRDA:164,12,0,0
BRDA:164,12,1,0
BRDA:168,13,0,0
BRDA:168,13,1,0
BRDA:168,14,0,0
BRDA:168,14,1,0
BRDA:173,15,0,0
BRDA:173,15,1,0
BRDA:184,16,0,0
BRDA:184,16,1,0
BRDA:213,17,0,0
BRDA:213,17,1,0
BRDA:221,18,0,0
BRDA:221,18,1,0
BRDA:226,19,0,0
BRDA:226,19,1,0
BRDA:301,20,0,0
BRDA:301,20,1,0
BRDA:316,21,0,0
BRDA:316,21,1,0
BRDA:325,22,0,0
BRDA:325,22,1,0
BRDA:327,23,0,0
BRDA:327,23,1,0
BRDA:361,24,0,0
BRDA:361,24,1,0
BRDA:367,25,0,0
BRDA:367,25,1,0
BRDA:424,26,0,0
BRDA:424,26,1,0
BRDA:424,27,0,0
BRDA:424,27,1,0
BRDA:439,28,0,0
BRDA:439,28,1,0
BRDA:439,29,0,0
BRDA:439,29,1,0
BRDA:454,30,0,0
BRDA:454,30,1,0
BRDA:454,31,0,0
BRDA:454,31,1,0
BRDA:468,32,0,0
BRDA:470,33,0,0
BRDA:470,33,1,0
BRDA:482,34,0,0
BRDA:482,34,1,0
BRDA:490,35,0,0
BRDA:490,35,1,0
BRDA:490,36,0,0
BRDA:490,36,1,0
BRDA:500,37,0,0
BRDA:500,37,1,0
BRF:78
BRH:0
end_of_record
TN:
SF:docs/js/challenge/challenge-evaluator.js
FN:7,(anonymous_0)
FN:23,(anonymous_1)
FN:58,(anonymous_2)
FN:86,(anonymous_3)
FN:125,(anonymous_4)
FN:163,(anonymous_5)
FN:198,(anonymous_6)
FN:234,(anonymous_7)
FN:254,(anonymous_8)
FN:306,(anonymous_9)
FN:317,(anonymous_10)
FN:328,(anonymous_11)
FN:339,(anonymous_12)
FNF:13
FNH:0
FNDA:0,(anonymous_0)
FNDA:0,(anonymous_1)
FNDA:0,(anonymous_2)
FNDA:0,(anonymous_3)
FNDA:0,(anonymous_4)
FNDA:0,(anonymous_5)
FNDA:0,(anonymous_6)
FNDA:0,(anonymous_7)
FNDA:0,(anonymous_8)
FNDA:0,(anonymous_9)
FNDA:0,(anonymous_10)
FNDA:0,(anonymous_11)
FNDA:0,(anonymous_12)
DA:8,0
DA:24,0
DA:25,0
DA:28,0
DA:29,0
DA:30,0
DA:33,0
DA:36,0
DA:60,0
DA:63,0
DA:65,0
DA:68,0
DA:71,0
DA:74,0
DA:77,0
DA:87,0
DA:88,0
DA:91,0
DA:92,0
DA:96,0
DA:97,0
DA:100,0
DA:101,0
DA:104,0
DA:105,0
DA:108,0
DA:109,0
DA:110,0
DA:112,0
DA:113,0
DA:126,0
DA:127,0
DA:128,0
DA:129,0
DA:131,0
DA:132,0
DA:135,0
DA:136,0
DA:138,0
DA:139,0
DA:142,0
DA:143,0
DA:144,0
DA:148,0
DA:164,0
DA:165,0
DA:166,0
DA:167,0
DA:169,0
DA:170,0
DA:173,0
DA:174,0
DA:176,0
DA:179,0
DA:180,0
DA:183,0
DA:199,0
DA:200,0
DA:201,0
DA:203,0
DA:204,0
DA:207,0
DA:208,0
DA:210,0
DA:213,0
DA:214,0
DA:215,0
DA:219,0
DA:235,0
DA:236,0
DA:237,0
DA:238,0
DA:240,0
DA:241,0
DA:242,0
DA:245,0
DA:247,0
DA:248,0
DA:249,0
DA:250,0
DA:254,0
DA:255,0
DA:256,0
DA:257,0
DA:258,0
DA:261,0
DA:262,0
DA:263,0
DA:264,0
DA:267,0
DA:268,0
DA:269,0
DA:270,0
DA:274,0
DA:275,0
DA:276,0
DA:280,0
DA:281,0
DA:283,0
DA:286,0
DA:287,0
DA:288,0
DA:292,0
DA:307,0
DA:308,0
DA:318,0
DA:319,0
DA:329,0
DA:330,0
DA:340,0
DA:343,0
DA:346,0
DA:347,0
DA:351,0
DA:352,0
DA:356,0
DA:357,0
DA:361,0
DA:362,0
DA:365,0
DA:370,0
DA:371,0
DA:375,0
DA:376,0
LF:124
LH:0
BRDA:24,0,0,0
BRDA:24,0,1,0
BRDA:24,1,0,0
BRDA:24,1,1,0
BRDA:29,2,0,0
BRDA:29,2,1,0
BRDA:42,3,0,0
BRDA:42,3,1,0
BRDA:63,4,0,0
BRDA:63,4,1,0
BRDA:63,4,2,0
BRDA:63,4,3,0
BRDA:63,4,4,0
BRDA:87,5,0,0
BRDA:87,5,1,0
BRDA:87,6,0,0
BRDA:87,6,1,0
BRDA:91,7,0,0
BRDA:91,7,1,0
BRDA:96,8,0,0
BRDA:96,8,1,0
BRDA:96,9,0,0
BRDA:96,9,1,0
BRDA:100,10,0,0
BRDA:100,10,1,0
BRDA:100,11,0,0
BRDA:100,11,1,0
BRDA:104,12,0,0
BRDA:104,12,1,0
BRDA:104,13,0,0
BRDA:104,13,1,0
BRDA:108,14,0,0
BRDA:108,14,1,0
BRDA:109,15,0,0
BRDA:109,15,1,0
BRDA:112,16,0,0
BRDA:112,16,1,0
BRDA:126,17,0,0
BRDA:126,17,1,0
BRDA:129,18,0,0
BRDA:129,18,1,0
BRDA:131,19,0,0
BRDA:131,19,1,0
BRDA:136,20,0,0
BRDA:136,20,1,0
BRDA:142,21,0,0
BRDA:142,21,1,0
BRDA:164,22,0,0
BRDA:164,22,1,0
BRDA:167,23,0,0
BRDA:167,23,1,0
BRDA:169,24,0,0
BRDA:169,24,1,0
BRDA:174,25,0,0
BRDA:174,25,1,0
BRDA:199,26,0,0
BRDA:199,26,1,0
BRDA:203,27,0,0
BRDA:203,27,1,0
BRDA:208,28,0,0
BRDA:208,28,1,0
BRDA:214,29,0,0
BRDA:214,29,1,0
BRDA:235,30,0,0
BRDA:235,30,1,0
BRDA:238,31,0,0
BRDA:238,31,1,0
BRDA:245,32,0,0
BRDA:245,32,1,0
BRDA:245,32,2,0
BRDA:245,32,3,0
BRDA:245,32,4,0
BRDA:247,33,0,0
BRDA:247,33,1,0
BRDA:248,34,0,0
BRDA:248,34,1,0
BRDA:249,35,0,0
BRDA:249,35,1,0
BRDA:255,36,0,0
BRDA:255,36,1,0
BRDA:261,37,0,0
BRDA:261,37,1,0
BRDA:262,38,0,0
BRDA:262,38,1,0
BRDA:263,39,0,0
BRDA:263,39,1,0
BRDA:267,40,0,0
BRDA:267,40,1,0
BRDA:268,41,0,0
BRDA:268,41,1,0
BRDA:269,42,0,0
BRDA:269,42,1,0
BRDA:274,43,0,0
BRDA:274,43,1,0
BRDA:275,44,0,0
BRDA:275,44,1,0
BRDA:276,45,0,0
BRDA:276,45,1,0
BRDA:281,46,0,0
BRDA:281,46,1,0
BRDA:287,47,0,0
BRDA:287,47,1,0
BRDA:346,48,0,0
BRDA:346,48,1,0
BRDA:346,49,0,0
BRDA:346,49,1,0
BRDA:351,50,0,0
BRDA:351,50,1,0
BRDA:351,51,0,0
BRDA:351,51,1,0
BRDA:356,52,0,0
BRDA:356,52,1,0
BRDA:356,53,0,0
BRDA:356,53,1,0
BRDA:361,54,0,0
BRDA:361,54,1,0
BRDA:361,55,0,0
BRDA:361,55,1,0
BRDA:370,56,0,0
BRDA:370,56,1,0
BRDA:370,57,0,0
BRDA:370,57,1,0
BRDA:375,58,0,0
BRDA:375,58,1,0
BRF:124
BRH:0
end_of_record
TN:
SF:docs/js/challenge/challenge-game-integration.js
FN:7,(anonymous_0)
FN:25,(anonymous_1)
FN:38,(anonymous_2)
FN:73,(anonymous_3)
FN:121,(anonymous_4)
FN:138,(anonymous_5)
FN:174,(anonymous_6)
FN:188,(anonymous_7)
FN:211,(anonymous_8)
FN:240,(anonymous_9)
FN:252,(anonymous_10)
FN:262,(anonymous_11)
FN:280,(anonymous_12)
FN:312,(anonymous_13)
FN:323,(anonymous_14)
FNF:15
FNH:0
FNDA:0,(anonymous_0)
FNDA:0,(anonymous_1)
FNDA:0,(anonymous_2)
FNDA:0,(anonymous_3)
FNDA:0,(anonymous_4)
FNDA:0,(anonymous_5)
FNDA:0,(anonymous_6)
FNDA:0,(anonymous_7)
FNDA:0,(anonymous_8)
FNDA:0,(anonymous_9)
FNDA:0,(anonymous_10)
FNDA:0,(anonymous_11)
FNDA:0,(anonymous_12)
FNDA:0,(anonymous_13)
FNDA:0,(anonymous_14)
DA:8,0
DA:9,0
DA:10,0
DA:11,0
DA:12,0
DA:15,0
DA:16,0
DA:17,0
DA:19,0
DA:27,0
DA:28,0
DA:29,0
DA:30,0
DA:39,0
DA:40,0
DA:41,0
DA:44,0
DA:46,0
DA:47,0
DA:50,0
DA:51,0
DA:52,0
DA:56,0
DA:59,0
DA:61,0
DA:63,0
DA:64,0
DA:65,0
DA:74,0
DA:77,0
DA:79,0
DA:84,0
DA:87,0
DA:92,0
DA:95,0
DA:100,0
DA:103,0
DA:108,0
DA:112,0
DA:113,0
DA:122,0
DA:125,0
DA:128,0
DA:139,0
DA:141,0
DA:143,0
DA:151,0
DA:157,0
DA:160,0
DA:162,0
DA:164,0
DA:165,0
DA:166,0
DA:175,0
DA:177,0
DA:180,0
DA:189,0
DA:190,0
DA:193,0
DA:194,0
DA:198,0
DA:199,0
DA:203,0
DA:213,0
DA:214,0
DA:217,0
DA:221,0
DA:223,0
DA:224,0
DA:227,0
DA:228,0
DA:231,0
DA:232,0
DA:241,0
DA:242,0
DA:243,0
DA:250,0
DA:252,0
DA:253,0
DA:263,0
DA:264,0
DA:265,0
DA:266,0
DA:267,0
DA:270,0
DA:271,0
DA:272,0
DA:281,0
DA:282,0
DA:283,0
DA:285,0
DA:304,0
DA:313,0
DA:325,0
DA:326,0
DA:327,0
DA:328,0
DA:332,0
DA:333,0
DA:339,0
DA:340,0
DA:344,0
DA:345,0
LF:103
LH:0
BRDA:27,0,0,0
BRDA:27,0,1,0
BRDA:39,1,0,0
BRDA:39,1,1,0
BRDA:50,2,0,0
BRDA:50,2,1,0
BRDA:74,3,0,0
BRDA:74,3,1,0
BRDA:77,4,0,0
BRDA:77,4,1,0
BRDA:77,4,2,0
BRDA:77,4,3,0
BRDA:112,5,0,0
BRDA:112,5,1,0
BRDA:122,6,0,0
BRDA:122,6,1,0
BRDA:122,7,0,0
BRDA:122,7,1,0
BRDA:139,8,0,0
BRDA:139,8,1,0
BRDA:146,9,0,0
BRDA:146,9,1,0
BRDA:147,10,0,0
BRDA:147,10,1,0
BRDA:175,11,0,0
BRDA:175,11,1,0
BRDA:175,12,0,0
BRDA:175,12,1,0
BRDA:193,13,0,0
BRDA:193,13,1,0
BRDA:198,14,0,0
BRDA:198,14,1,0
BRDA:213,15,0,0
BRDA:213,15,1,0
BRDA:221,16,0,0
BRDA:221,16,1,0
BRDA:221,16,2,0
BRDA:242,17,0,0
BRDA:242,17,1,0
BRDA:264,18,0,0
BRDA:264,18,1,0
BRDA:264,19,0,0
BRDA:264,19,1,0
BRDA:271,20,0,0
BRDA:271,20,1,0
BRDA:282,21,0,0
BRDA:282,21,1,0
BRDA:287,22,0,0
BRDA:287,22,1,0
BRDA:290,23,0,0
BRDA:290,23,1,0
BRDA:293,24,0,0
BRDA:293,24,1,0
BRDA:297,25,0,0
BRDA:297,25,1,0
BRDA:325,26,0,0
BRDA:325,26,1,0
BRDA:332,27,0,0
BRDA:332,27,1,0
BRDA:339,28,0,0
BRDA:339,28,1,0
BRDA:339,29,0,0
BRDA:339,29,1,0
BRDA:344,30,0,0
BRDA:344,30,1,0
BRF:65
BRH:0
end_of_record
TN:
SF:docs/js/challenge/challenge-generator.js
FN:7,(anonymous_0)
FN:51,(anonymous_1)
FN:97,(anonymous_2)
FN:112,(anonymous_3)
FN:125,(anonymous_4)
FN:137,(anonymous_5)
FN:152,(anonymous_6)
FN:155,(anonymous_7)
FN:168,(anonymous_8)
FN:181,(anonymous_9)
FN:199,(anonymous_10)
FN:208,(anonymous_11)
FN:220,(anonymous_12)
FN:244,(anonymous_13)
FNF:14
FNH:0
FNDA:0,(anonymous_0)
FNDA:0,(anonymous_1)
FNDA:0,(anonymous_2)
FNDA:0,(anonymous_3)
FNDA:0,(anonymous_4)
FNDA:0,(anonymous_5)
FNDA:0,(anonymous_6)
FNDA:0,(anonymous_7)
FNDA:0,(anonymous_8)
FNDA:0,(anonymous_9)
FNDA:0,(anonymous_10)
FNDA:0,(anonymous_11)
FNDA:0,(anonymous_12)
FNDA:0,(anonymous_13)
DA:8,0
DA:15,0
DA:17,0
DA:53,0
DA:56,0
DA:59,0
DA:62,0
DA:65,0
DA:68,0
DA:71,0
DA:88,0
DA:98,0
DA:99,0
DA:100,0
DA:101,0
DA:102,0
DA:103,0
DA:113,0
DA:114,0
DA:115,0
DA:116,0
DA:126,0
DA:127,0
DA:128,0
DA:138,0
DA:139,0
DA:140,0
DA:143,0
DA:153,0
DA:155,0
DA:157,0
DA:158,0
DA:169,0
DA:170,0
DA:171,0
DA:182,0
DA:184,0
DA:185,0
DA:186,0
DA:188,0
DA:191,0
DA:200,0
DA:209,0
DA:210,0
DA:211,0
DA:221,0
DA:223,0
DA:224,0
DA:225,0
DA:229,0
DA:246,0
DA:247,0
DA:251,0
DA:254,0
DA:257,0
DA:260,0
DA:263,0
DA:266,0
DA:285,0
DA:286,0
DA:289,0
DA:290,0
DA:295,0
DA:301,0
DA:302,0
DA:306,0
DA:307,0
LF:67
LH:0
BRDA:100,0,0,0
BRDA:100,0,1,0
BRDA:224,1,0,0
BRDA:224,1,1,0
BRDA:230,2,0,0
BRDA:230,2,1,0
BRDA:230,2,2,0
BRDA:230,2,3,0
BRDA:230,2,4,0
BRDA:230,2,5,0
BRDA:246,3,0,0
BRDA:246,3,1,0
BRDA:246,4,0,0
BRDA:246,4,1,0
BRDA:246,4,2,0
BRDA:263,5,0,0
BRDA:263,5,1,0
BRDA:267,6,0,0
BRDA:267,6,1,0
BRDA:285,7,0,0
BRDA:285,7,1,0
BRDA:289,8,0,0
BRDA:289,8,1,0
BRDA:301,9,0,0
BRDA:301,9,1,0
BRDA:301,10,0,0
BRDA:301,10,1,0
BRDA:306,11,0,0
BRDA:306,11,1,0
BRF:29
BRH:0
end_of_record
TN:
SF:docs/js/challenge/challenge-progress.js
FN:7,(anonymous_0)
FN:34,(anonymous_1)
FN:47,(anonymous_2)
FN:59,(anonymous_3)
FN:83,(anonymous_4)
FN:95,(anonymous_5)
FN:108,(anonymous_6)
FN:109,(anonymous_7)
FN:126,(anonymous_8)
FN:145,(anonymous_9)
FN:164,(anonymous_10)
FN:173,(anonymous_11)
FN:182,(anonymous_12)
FN:192,(anonymous_13)
FN:202,(anonymous_14)
FN:214,(anonymous_15)
FN:215,(anonymous_16)
FN:228,(anonymous_17)
FN:241,(anonymous_18)
FN:242,(anonymous_19)
FN:243,(anonymous_20)
FN:257,(anonymous_21)
FN:269,(anonymous_22)
FNF:23
FNH:0
FNDA:0,(anonymous_0)
FNDA:0,(anonymous_1)
FNDA:0,(anonymous_2)
FNDA:0,(anonymous_3)
FNDA:0,(anonymous_4)
FNDA:0,(anonymous_5)
FNDA:0,(anonymous_6)
FNDA:0,(anonymous_7)
FNDA:0,(anonymous_8)
FNDA:0,(anonymous_9)
FNDA:0,(anonymous_10)
FNDA:0,(anonymous_11)
FNDA:0,(anonymous_12)
FNDA:0,(anonymous_13)
FNDA:0,(anonymous_14)
FNDA:0,(anonymous_15)
FNDA:0,(anonymous_16)
FNDA:0,(anonymous_17)
FNDA:0,(anonymous_18)
FNDA:0,(anonymous_19)
FNDA:0,(anonymous_20)
FNDA:0,(anonymous_21)
FNDA:0,(anonymous_22)
DA:8,0
DA:19,0
DA:27,0
DA:35,0
DA:47,0
DA:48,0
DA:51,0
DA:60,0
DA:62,0
DA:63,0
DA:64,0
DA:65,0
DA:68,0
DA:72,0
DA:74,0
DA:84,0
DA:85,0
DA:87,0
DA:96,0
DA:97,0
DA:99,0
DA:109,0
DA:110,0
DA:111,0
DA:112,0
DA:118,0
DA:127,0
DA:133,0
DA:136,0
DA:138,0
DA:146,0
DA:147,0
DA:153,0
DA:154,0
DA:157,0
DA:165,0
DA:166,0
DA:174,0
DA:183,0
DA:184,0
DA:185,0
DA:193,0
DA:194,0
DA:203,0
DA:204,0
DA:205,0
DA:215,0
DA:216,0
DA:217,0
DA:219,0
DA:229,0
DA:231,0
DA:232,0
DA:241,0
DA:242,0
DA:243,0
DA:245,0
DA:258,0
DA:269,0
DA:270,0
DA:273,0
DA:278,0
DA:279,0
DA:283,0
DA:284,0
LF:65
LH:0
BRDA:59,0,0,0
BRDA:62,1,0,0
BRDA:62,1,1,0
BRDA:64,2,0,0
BRDA:64,2,1,0
BRDA:96,3,0,0
BRDA:96,3,1,0
BRDA:110,4,0,0
BRDA:110,4,1,0
BRDA:110,5,0,0
BRDA:110,5,1,0
BRDA:153,6,0,0
BRDA:153,6,1,0
BRDA:166,7,0,0
BRDA:166,7,1,0
BRDA:183,8,0,0
BRDA:183,8,1,0
BRDA:183,9,0,0
BRDA:183,9,1,0
BRDA:193,10,0,0
BRDA:193,10,1,0
BRDA:204,11,0,0
BRDA:204,11,1,0
BRDA:231,12,0,0
BRDA:231,12,1,0
BRDA:278,13,0,0
BRDA:278,13,1,0
BRDA:278,14,0,0
BRDA:278,14,1,0
BRDA:283,15,0,0
BRDA:283,15,1,0
BRF:31
BRH:0
end_of_record
TN:
SF:docs/js/challenge/challenge-rewards.js
FN:7,(anonymous_0)
FN:43,(anonymous_1)
FN:60,(anonymous_2)
FN:101,(anonymous_3)
FN:143,(anonymous_4)
FN:171,(anonymous_5)
FN:207,(anonymous_6)
FN:261,(anonymous_7)
FN:271,(anonymous_8)
FN:307,(anonymous_9)
FN:319,(anonymous_10)
FN:364,(anonymous_11)
FN:379,(anonymous_12)
FN:382,(anonymous_13)
FN:383,(anonymous_14)
FN:384,(anonymous_15)
FN:385,(anonymous_16)
FNF:17
FNH:0
FNDA:0,(anonymous_0)
FNDA:0,(anonymous_1)
FNDA:0,(anonymous_2)
FNDA:0,(anonymous_3)
FNDA:0,(anonymous_4)
FNDA:0,(anonymous_5)
FNDA:0,(anonymous_6)
FNDA:0,(anonymous_7)
FNDA:0,(anonymous_8)
FNDA:0,(anonymous_9)
FNDA:0,(anonymous_10)
FNDA:0,(anonymous_11)
FNDA:0,(anonymous_12)
FNDA:0,(anonymous_13)
FNDA:0,(anonymous_14)
FNDA:0,(anonymous_15)
FNDA:0,(anonymous_16)
DA:8,0
DA:31,0
DA:32,0
DA:33,0
DA:34,0
DA:44,0
DA:46,0
DA:61,0
DA:62,0
DA:66,0
DA:69,0
DA:70,0
DA:72,0
DA:73,0
DA:77,0
DA:78,0
DA:81,0
DA:88,0
DA:90,0
DA:102,0
DA:103,0
DA:106,0
DA:107,0
DA:108,0
DA:112,0
DA:113,0
DA:114,0
DA:118,0
DA:119,0
DA:120,0
DA:124,0
DA:125,0
DA:126,0
DA:129,0
DA:144,0
DA:151,0
DA:152,0
DA:153,0
DA:161,0
DA:172,0
DA:174,0
DA:175,0
DA:181,0
DA:182,0
DA:188,0
DA:189,0
DA:197,0
DA:208,0
DA:211,0
DA:212,0
DA:221,0
DA:222,0
DA:231,0
DA:232,0
DA:241,0
DA:242,0
DA:250,0
DA:262,0
DA:263,0
DA:264,0
DA:266,0
DA:267,0
DA:268,0
DA:271,0
DA:272,0
DA:273,0
DA:277,0
DA:278,0
DA:279,0
DA:280,0
DA:281,0
DA:286,0
DA:287,0
DA:288,0
DA:289,0
DA:290,0
DA:291,0
DA:292,0
DA:297,0
DA:307,0
DA:320,0
DA:365,0
DA:366,0
DA:367,0
DA:368,0
DA:371,0
DA:373,0
DA:381,0
DA:382,0
DA:383,0
DA:384,0
DA:385,0
DA:387,0
DA:388,0
DA:389,0
DA:390,0
DA:391,0
DA:393,0
DA:401,0
DA:402,0
DA:406,0
DA:407,0
LF:102
LH:0
BRDA:44,0,0,0
BRDA:44,0,1,0
BRDA:61,1,0,0
BRDA:61,1,1,0
BRDA:61,2,0,0
BRDA:61,2,1,0
BRDA:66,3,0,0
BRDA:66,3,1,0
BRDA:69,4,0,0
BRDA:69,4,1,0
BRDA:69,5,0,0
BRDA:69,5,1,0
BRDA:72,6,0,0
BRDA:72,6,1,0
BRDA:72,7,0,0
BRDA:72,7,1,0
BRDA:77,8,0,0
BRDA:77,8,1,0
BRDA:106,9,0,0
BRDA:106,9,1,0
BRDA:112,10,0,0
BRDA:112,10,1,0
BRDA:112,11,0,0
BRDA:112,11,1,0
BRDA:118,12,0,0
BRDA:118,12,1,0
BRDA:118,13,0,0
BRDA:118,13,1,0
BRDA:124,14,0,0
BRDA:124,14,1,0
BRDA:124,15,0,0
BRDA:124,15,1,0
BRDA:124,15,2,0
BRDA:152,16,0,0
BRDA:152,16,1,0
BRDA:174,17,0,0
BRDA:174,17,1,0
BRDA:181,18,0,0
BRDA:181,18,1,0
BRDA:188,19,0,0
BRDA:188,19,1,0
BRDA:211,20,0,0
BRDA:211,20,1,0
BRDA:211,21,0,0
BRDA:211,21,1,0
BRDA:221,22,0,0
BRDA:221,22,1,0
BRDA:231,23,0,0
BRDA:231,23,1,0
BRDA:231,24,0,0
BRDA:231,24,1,0
BRDA:241,25,0,0
BRDA:241,25,1,0
BRDA:241,26,0,0
BRDA:241,26,1,0
BRDA:261,27,0,0
BRDA:277,28,0,0
BRDA:277,28,1,0
BRDA:279,29,0,0
BRDA:279,29,1,0
BRDA:286,30,0,0
BRDA:286,30,1,0
BRDA:286,31,0,0
BRDA:286,31,1,0
BRDA:288,32,0,0
BRDA:288,32,1,0
BRDA:291,33,0,0
BRDA:291,33,1,0
BRDA:308,34,0,0
BRDA:308,34,1,0
BRDA:308,35,0,0
BRDA:308,35,1,0
BRDA:309,36,0,0
BRDA:309,36,1,0
BRDA:309,37,0,0
BRDA:309,37,1,0
BRDA:367,38,0,0
BRDA:367,38,1,0
BRDA:383,39,0,0
BRDA:383,39,1,0
BRDA:387,40,0,0
BRDA:387,40,1,0
BRDA:390,41,0,0
BRDA:390,41,1,0
BRDA:401,42,0,0
BRDA:401,42,1,0
BRDA:401,43,0,0
BRDA:401,43,1,0
BRDA:406,44,0,0
BRDA:406,44,1,0
BRF:90
BRH:0
end_of_record
TN:
SF:docs/js/challenge/challenge-types.js
FN:11,(anonymous_0)
FN:27,(anonymous_1)
FN:42,(anonymous_2)
FN:56,(anonymous_3)
FN:81,(anonymous_4)
FN:96,(anonymous_5)
FN:99,(anonymous_6)
FN:111,(anonymous_7)
FN:126,(anonymous_8)
FN:143,(anonymous_9)
FN:172,(anonymous_10)
FN:191,(anonymous_11)
FN:200,(anonymous_12)
FN:209,(anonymous_13)
FN:218,(anonymous_14)
FN:276,(anonymous_15)
FNF:16
FNH:0
FNDA:0,(anonymous_0)
FNDA:0,(anonymous_1)
FNDA:0,(anonymous_2)
FNDA:0,(anonymous_3)
FNDA:0,(anonymous_4)
FNDA:0,(anonymous_5)
FNDA:0,(anonymous_6)
FNDA:0,(anonymous_7)
FNDA:0,(anonymous_8)
FNDA:0,(anonymous_9)
FNDA:0,(anonymous_10)
FNDA:0,(anonymous_11)
FNDA:0,(anonymous_12)
FNDA:0,(anonymous_13)
FNDA:0,(anonymous_14)
FNDA:0,(anonymous_15)
DA:12,0
DA:13,0
DA:14,0
DA:15,0
DA:16,0
DA:17,0
DA:18,0
DA:19,0
DA:28,0
DA:30,0
DA:33,0
DA:38,0
DA:42,0
DA:43,0
DA:47,0
DA:57,0
DA:58,0
DA:62,0
DA:67,0
DA:68,0
DA:69,0
DA:70,0
DA:73,0
DA:82,0
DA:85,0
DA:86,0
DA:87,0
DA:90,0
DA:91,0
DA:92,0
DA:95,0
DA:96,0
DA:97,0
DA:99,0
DA:100,0
DA:103,0
DA:112,0
DA:114,0
DA:116,0
DA:118,0
DA:127,0
DA:129,0
DA:131,0
DA:133,0
DA:145,0
DA:153,0
DA:160,0
DA:174,0
DA:177,0
DA:178,0
DA:181,0
DA:184,0
DA:193,0
DA:201,0
DA:202,0
DA:211,0
DA:219,0
DA:221,0
DA:223,0
DA:232,0
DA:233,0
DA:243,0
DA:244,0
DA:245,0
DA:255,0
DA:268,0
DA:277,0
DA:282,0
LF:68
LH:0
BRDA:16,0,0,0
BRDA:16,0,1,0
BRDA:17,1,0,0
BRDA:17,1,1,0
BRDA:18,2,0,0
BRDA:18,2,1,0
BRDA:19,3,0,0
BRDA:19,3,1,0
BRDA:28,4,0,0
BRDA:28,4,1,0
BRDA:28,4,2,0
BRDA:28,4,3,0
BRDA:28,4,4,0
BRDA:33,5,0,0
BRDA:33,5,1,0
BRDA:38,6,0,0
BRDA:38,6,1,0
BRDA:57,7,0,0
BRDA:57,7,1,0
BRDA:68,8,0,0
BRDA:68,8,1,0
BRDA:68,9,0,0
BRDA:68,9,1,0
BRDA:82,10,0,0
BRDA:82,10,1,0
BRDA:82,10,2,0
BRDA:82,10,3,0
BRDA:82,10,4,0
BRDA:85,11,0,0
BRDA:85,11,1,0
BRDA:90,12,0,0
BRDA:90,12,1,0
BRDA:95,13,0,0
BRDA:95,13,1,0
BRDA:112,14,0,0
BRDA:112,14,1,0
BRDA:112,14,2,0
BRDA:127,15,0,0
BRDA:127,15,1,0
BRDA:127,15,2,0
BRDA:221,16,0,0
BRDA:221,16,1,0
BRDA:221,16,2,0
BRDA:221,16,3,0
BRDA:221,16,4,0
BRDA:282,17,0,0
BRDA:282,17,1,0
BRF:47
BRH:0
end_of_record
TN:
SF:docs/js/challenge/reward-display-ui.js
FN:11,(anonymous_0)
FN:42,(anonymous_1)
FN:72,(anonymous_2)
FN:100,(anonymous_3)
FN:106,(anonymous_4)
FN:117,(anonymous_5)
FN:137,(anonymous_6)
FN:188,(anonymous_7)
FN:243,(anonymous_8)
FN:277,(anonymous_9)
FN:306,(anonymous_10)
FN:326,(anonymous_11)
FN:333,(anonymous_12)
FN:340,(anonymous_13)
FN:372,(anonymous_14)
FN:375,(anonymous_15)
FN:385,(anonymous_16)
FN:390,(anonymous_17)
FN:408,(anonymous_18)
FN:415,(anonymous_19)
FN:419,(anonymous_20)
FN:449,(anonymous_21)
FN:495,(anonymous_22)
FN:511,(anonymous_23)
FN:521,(anonymous_24)
FN:525,(anonymous_25)
FN:533,(anonymous_26)
FN:545,(anonymous_27)
FN:557,(anonymous_28)
FN:568,(anonymous_29)
FN:579,(anonymous_30)
FN:590,(anonymous_31)
FN:600,(anonymous_32)
FN:604,(anonymous_33)
FN:622,(anonymous_34)
FN:628,(anonymous_35)
FN:630,(anonymous_36)
FN:637,(anonymous_37)
FN:641,(anonymous_38)
FN:650,(anonymous_39)
FN:663,(anonymous_40)
FN:664,(anonymous_41)
FNF:42
FNH:0
FNDA:0,(anonymous_0)
FNDA:0,(anonymous_1)
FNDA:0,(anonymous_2)
FNDA:0,(anonymous_3)
FNDA:0,(anonymous_4)
FNDA:0,(anonymous_5)
FNDA:0,(anonymous_6)
FNDA:0,(anonymous_7)
FNDA:0,(anonymous_8)
FNDA:0,(anonymous_9)
FNDA:0,(anonymous_10)
FNDA:0,(anonymous_11)
FNDA:0,(anonymous_12)
FNDA:0,(anonymous_13)
FNDA:0,(anonymous_14)
FNDA:0,(anonymous_15)
FNDA:0,(anonymous_16)
FNDA:0,(anonymous_17)
FNDA:0,(anonymous_18)
FNDA:0,(anonymous_19)
FNDA:0,(anonymous_20)
FNDA:0,(anonymous_21)
FNDA:0,(anonymous_22)
FNDA:0,(anonymous_23)
FNDA:0,(anonymous_24)
FNDA:0,(anonymous_25)
FNDA:0,(anonymous_26)
FNDA:0,(anonymous_27)
FNDA:0,(anonymous_28)
FNDA:0,(anonymous_29)
FNDA:0,(anonymous_30)
FNDA:0,(anonymous_31)
FNDA:0,(anonymous_32)
FNDA:0,(anonymous_33)
FNDA:0,(anonymous_34)
FNDA:0,(anonymous_35)
FNDA:0,(anonymous_36)
FNDA:0,(anonymous_37)
FNDA:0,(anonymous_38)
FNDA:0,(anonymous_39)
FNDA:0,(anonymous_40)
FNDA:0,(anonymous_41)
DA:12,0
DA:13,0
DA:14,0
DA:15,0
DA:16,0
DA:17,0
DA:20,0
DA:27,0
DA:43,0
DA:44,0
DA:45,0
DA:48,0
DA:51,0
DA:54,0
DA:57,0
DA:58,0
DA:60,0
DA:61,0
DA:63,0
DA:66,0
DA:74,0
DA:77,0
DA:78,0
DA:79,0
DA:82,0
DA:83,0
DA:84,0
DA:87,0
DA:88,0
DA:89,0
DA:91,0
DA:92,0
DA:93,0
DA:95,0
DA:96,0
DA:99,0
DA:100,0
DA:107,0
DA:108,0
DA:109,0
DA:119,0
DA:121,0
DA:123,0
DA:124,0
DA:126,0
DA:127,0
DA:129,0
DA:130,0
DA:138,0
DA:139,0
DA:142,0
DA:143,0
DA:144,0
DA:147,0
DA:148,0
DA:149,0
DA:152,0
DA:153,0
DA:154,0
DA:162,0
DA:163,0
DA:164,0
DA:165,0
DA:169,0
DA:172,0
DA:173,0
DA:174,0
DA:176,0
DA:179,0
DA:182,0
DA:189,0
DA:190,0
DA:193,0
DA:194,0
DA:195,0
DA:198,0
DA:199,0
DA:201,0
DA:223,0
DA:224,0
DA:233,0
DA:234,0
DA:243,0
DA:244,0
DA:245,0
DA:246,0
DA:247,0
DA:252,0
DA:256,0
DA:257,0
DA:258,0
DA:259,0
DA:265,0
DA:266,0
DA:267,0
DA:268,0
DA:270,0
DA:271,0
DA:272,0
DA:274,0
DA:275,0
DA:277,0
DA:278,0
DA:279,0
DA:280,0
DA:281,0
DA:286,0
DA:289,0
DA:290,0
DA:293,0
DA:294,0
DA:295,0
DA:297,0
DA:300,0
DA:307,0
DA:308,0
DA:311,0
DA:312,0
DA:313,0
DA:319,0
DA:320,0
DA:323,0
DA:324,0
DA:325,0
DA:326,0
DA:329,0
DA:330,0
DA:331,0
DA:332,0
DA:333,0
DA:336,0
DA:337,0
DA:338,0
DA:339,0
DA:340,0
DA:343,0
DA:344,0
DA:345,0
DA:346,0
DA:358,0
DA:359,0
DA:360,0
DA:362,0
DA:363,0
DA:364,0
DA:366,0
DA:369,0
DA:370,0
DA:371,0
DA:372,0
DA:374,0
DA:375,0
DA:379,0
DA:386,0
DA:387,0
DA:389,0
DA:390,0
DA:391,0
DA:392,0
DA:393,0
DA:394,0
DA:396,0
DA:397,0
DA:401,0
DA:402,0
DA:409,0
DA:411,0
DA:412,0
DA:415,0
DA:416,0
DA:419,0
DA:420,0
DA:421,0
DA:422,0
DA:423,0
DA:425,0
DA:427,0
DA:428,0
DA:429,0
DA:430,0
DA:431,0
DA:432,0
DA:433,0
DA:435,0
DA:438,0
DA:439,0
DA:443,0
DA:450,0
DA:452,0
DA:453,0
DA:455,0
DA:472,0
DA:474,0
DA:475,0
DA:476,0
DA:478,0
DA:496,0
DA:500,0
DA:501,0
DA:502,0
DA:508,0
DA:509,0
DA:510,0
DA:511,0
DA:514,0
DA:523,0
DA:524,0
DA:525,0
DA:526,0
DA:527,0
DA:533,0
DA:534,0
DA:535,0
DA:536,0
DA:539,0
DA:546,0
DA:547,0
DA:548,0
DA:550,0
DA:558,0
DA:560,0
DA:561,0
DA:569,0
DA:571,0
DA:572,0
DA:580,0
DA:582,0
DA:583,0
DA:591,0
DA:592,0
DA:593,0
DA:594,0
DA:601,0
DA:603,0
DA:604,0
DA:605,0
DA:609,0
DA:610,0
DA:611,0
DA:612,0
DA:613,0
DA:614,0
DA:615,0
DA:623,0
DA:624,0
DA:625,0
DA:626,0
DA:628,0
DA:629,0
DA:630,0
DA:638,0
DA:639,0
DA:640,0
DA:641,0
DA:642,0
DA:651,0
DA:652,0
DA:653,0
DA:655,0
DA:656,0
DA:657,0
DA:664,0
DA:669,0
LF:263
LH:0
BRDA:107,0,0,0
BRDA:107,0,1,0
BRDA:121,1,0,0
BRDA:121,1,1,0
BRDA:121,1,2,0
BRDA:149,2,0,0
BRDA:149,2,1,0
BRDA:162,3,0,0
BRDA:162,3,1,0
BRDA:162,4,0,0
BRDA:162,4,1,0
BRDA:223,5,0,0
BRDA:223,5,1,0
BRDA:233,6,0,0
BRDA:233,6,1,0
BRDA:265,7,0,0
BRDA:265,7,1,0
BRDA:265,8,0,0
BRDA:265,8,1,0
BRDA:371,9,0,0
BRDA:371,9,1,0
BRDA:374,10,0,0
BRDA:374,10,1,0
BRDA:385,11,0,0
BRDA:396,12,0,0
BRDA:396,12,1,0
BRDA:409,13,0,0
BRDA:409,13,1,0
BRDA:425,14,0,0
BRDA:425,14,1,0
BRDA:438,15,0,0
BRDA:438,15,1,0
BRDA:450,16,0,0
BRDA:450,16,1,0
BRDA:472,17,0,0
BRDA:472,17,1,0
BRDA:496,18,0,0
BRDA:496,18,1,0
BRDA:508,19,0,0
BRDA:508,19,1,0
BRDA:524,20,0,0
BRDA:524,20,1,0
BRDA:526,21,0,0
BRDA:526,21,1,0
BRDA:526,22,0,0
BRDA:526,22,1,0
BRDA:534,23,0,0
BRDA:534,23,1,0
BRDA:548,24,0,0
BRDA:548,24,1,0
BRDA:560,25,0,0
BRDA:560,25,1,0
BRDA:571,26,0,0
BRDA:571,26,1,0
BRDA:582,27,0,0
BRDA:582,27,1,0
BRDA:603,28,0,0
BRDA:603,28,1,0
BRDA:639,29,0,0
BRDA:639,29,1,0
BRDA:652,30,0,0
BRDA:652,30,1,0
BRF:62
BRH:0
end_of_record
TN:
SF:docs/js/challenge/weekly-challenge-api.js
FN:9,(anonymous_0)
FN:19,(anonymous_1)
FN:52,(anonymous_2)
FN:74,(anonymous_3)
FN:94,(anonymous_4)
FN:110,(anonymous_5)
FNF:6
FNH:0
FNDA:0,(anonymous_0)
FNDA:0,(anonymous_1)
FNDA:0,(anonymous_2)
FNDA:0,(anonymous_3)
FNDA:0,(anonymous_4)
FNDA:0,(anonymous_5)
DA:10,0
DA:11,0
DA:20,0
DA:21,0
DA:23,0
DA:34,0
DA:35,0
DA:36,0
DA:39,0
DA:41,0
DA:42,0
DA:53,0
DA:54,0
DA:58,0
DA:59,0
DA:62,0
DA:63,0
DA:65,0
DA:66,0
DA:75,0
DA:76,0
DA:78,0
DA:79,0
DA:82,0
DA:84,0
DA:85,0
DA:95,0
DA:96,0
DA:98,0
DA:99,0
DA:100,0
DA:108,0
DA:109,0
DA:110,0
LF:34
LH:0
BRDA:34,0,0,0
BRDA:34,0,1,0
BRDA:36,1,0,0
BRDA:36,1,1,0
BRDA:52,2,0,0
BRDA:58,3,0,0
BRDA:58,3,1,0
BRDA:78,4,0,0
BRDA:78,4,1,0
BRF:9
BRH:0
end_of_record
TN:
SF:docs/js/challenge/weekly-challenge-integration.js
FN:10,(anonymous_0)
FN:33,(anonymous_1)
FN:53,(anonymous_2)
FN:80,(anonymous_3)
FN:105,(anonymous_4)
FN:128,(anonymous_5)
FN:207,(anonymous_6)
FN:218,(anonymous_7)
FN:231,(anonymous_8)
FN:242,(anonymous_9)
FN:266,(anonymous_10)
FN:283,(anonymous_11)
FN:297,(anonymous_12)
FN:308,(anonymous_13)
FN:312,(anonymous_14)
FN:325,(anonymous_15)
FN:334,(anonymous_16)
FN:349,(anonymous_17)
FN:368,(anonymous_18)
FN:417,(anonymous_19)
FN:426,(anonymous_20)
FN:434,(anonymous_21)
FN:455,(anonymous_22)
FN:463,(anonymous_23)
FN:475,(anonymous_24)
FN:476,(anonymous_25)
FN:490,(anonymous_26)
FN:498,(anonymous_27)
FN:505,(anonymous_28)
FN:516,(anonymous_29)
FN:521,(anonymous_30)
FN:526,(anonymous_31)
FN:530,(anonymous_32)
FNF:33
FNH:0
FNDA:0,(anonymous_0)
FNDA:0,(anonymous_1)
FNDA:0,(anonymous_2)
FNDA:0,(anonymous_3)
FNDA:0,(anonymous_4)
FNDA:0,(anonymous_5)
FNDA:0,(anonymous_6)
FNDA:0,(anonymous_7)
FNDA:0,(anonymous_8)
FNDA:0,(anonymous_9)
FNDA:0,(anonymous_10)
FNDA:0,(anonymous_11)
FNDA:0,(anonymous_12)
FNDA:0,(anonymous_13)
FNDA:0,(anonymous_14)
FNDA:0,(anonymous_15)
FNDA:0,(anonymous_16)
FNDA:0,(anonymous_17)
FNDA:0,(anonymous_18)
FNDA:0,(anonymous_19)
FNDA:0,(anonymous_20)
FNDA:0,(anonymous_21)
FNDA:0,(anonymous_22)
FNDA:0,(anonymous_23)
FNDA:0,(anonymous_24)
FNDA:0,(anonymous_25)
FNDA:0,(anonymous_26)
FNDA:0,(anonymous_27)
FNDA:0,(anonymous_28)
FNDA:0,(anonymous_29)
FNDA:0,(anonymous_30)
FNDA:0,(anonymous_31)
FNDA:0,(anonymous_32)
DA:7,0
DA:11,0
DA:12,0
DA:13,0
DA:14,0
DA:15,0
DA:16,0
DA:17,0
DA:20,0
DA:27,0
DA:34,0
DA:35,0
DA:36,0
DA:38,0
DA:39,0
DA:40,0
DA:41,0
DA:44,0
DA:45,0
DA:54,0
DA:55,0
DA:56,0
DA:59,0
DA:72,0
DA:73,0
DA:81,0
DA:84,0
DA:94,0
DA:97,0
DA:98,0
DA:106,0
DA:108,0
DA:109,0
DA:115,0
DA:116,0
DA:117,0
DA:118,0
DA:119,0
DA:120,0
DA:129,0
DA:130,0
DA:131,0
DA:134,0
DA:146,0
DA:147,0
DA:149,0
DA:156,0
DA:164,0
DA:170,0
DA:172,0
DA:173,0
DA:176,0
DA:177,0
DA:186,0
DA:189,0
DA:196,0
DA:208,0
DA:210,0
DA:212,0
DA:219,0
DA:221,0
DA:222,0
DA:224,0
DA:225,0
DA:232,0
DA:233,0
DA:234,0
DA:235,0
DA:236,0
DA:243,0
DA:244,0
DA:245,0
DA:257,0
DA:258,0
DA:260,0
DA:267,0
DA:268,0
DA:269,0
DA:276,0
DA:277,0
DA:284,0
DA:285,0
DA:286,0
DA:297,0
DA:298,0
DA:301,0
DA:302,0
DA:309,0
DA:310,0
DA:311,0
DA:312,0
DA:313,0
DA:316,0
DA:317,0
DA:319,0
DA:326,0
DA:327,0
DA:335,0
DA:337,0
DA:338,0
DA:339,0
DA:340,0
DA:341,0
DA:343,0
DA:350,0
DA:352,0
DA:353,0
DA:354,0
DA:356,0
DA:357,0
DA:359,0
DA:360,0
DA:370,0
DA:372,0
DA:387,0
DA:395,0
DA:404,0
DA:407,0
DA:409,0
DA:410,0
DA:411,0
DA:414,0
DA:417,0
DA:418,0
DA:427,0
DA:428,0
DA:435,0
DA:437,0
DA:438,0
DA:440,0
DA:441,0
DA:442,0
DA:444,0
DA:448,0
DA:456,0
DA:464,0
DA:465,0
DA:466,0
DA:476,0
DA:477,0
DA:478,0
DA:480,0
DA:491,0
DA:492,0
DA:499,0
DA:506,0
DA:517,0
DA:518,0
DA:522,0
DA:523,0
DA:527,0
DA:531,0
DA:532,0
DA:533,0
DA:537,0
DA:546,0
DA:551,0
DA:552,0
DA:557,0
DA:558,0
LF:160
LH:0
BRDA:38,0,0,0
BRDA:38,0,1,0
BRDA:54,1,0,0
BRDA:54,1,1,0
BRDA:67,2,0,0
BRDA:67,2,1,0
BRDA:68,3,0,0
BRDA:68,3,1,0
BRDA:81,4,0,0
BRDA:81,4,1,0
BRDA:85,5,0,0
BRDA:85,5,1,0
BRDA:86,6,0,0
BRDA:86,6,1,0
BRDA:88,7,0,0
BRDA:88,7,1,0
BRDA:89,8,0,0
BRDA:89,8,1,0
BRDA:90,9,0,0
BRDA:90,9,1,0
BRDA:97,10,0,0
BRDA:97,10,1,0
BRDA:106,11,0,0
BRDA:106,11,1,0
BRDA:106,12,0,0
BRDA:106,12,1,0
BRDA:115,13,0,0
BRDA:115,13,1,0
BRDA:115,14,0,0
BRDA:115,14,1,0
BRDA:117,15,0,0
BRDA:117,15,1,0
BRDA:136,16,0,0
BRDA:136,16,1,0
BRDA:136,16,2,0
BRDA:137,17,0,0
BRDA:137,17,1,0
BRDA:138,18,0,0
BRDA:138,18,1,0
BRDA:139,19,0,0
BRDA:139,19,1,0
BRDA:140,20,0,0
BRDA:140,20,1,0
BRDA:141,21,0,0
BRDA:141,21,1,0
BRDA:142,22,0,0
BRDA:142,22,1,0
BRDA:147,23,0,0
BRDA:147,23,1,0
BRDA:147,24,0,0
BRDA:147,24,1,0
BRDA:170,25,0,0
BRDA:170,25,1,0
BRDA:176,26,0,0
BRDA:176,26,1,0
BRDA:180,27,0,0
BRDA:180,27,1,0
BRDA:208,28,0,0
BRDA:208,28,1,0
BRDA:219,29,0,0
BRDA:219,29,1,0
BRDA:257,30,0,0
BRDA:257,30,1,0
BRDA:316,31,0,0
BRDA:316,31,1,0
BRDA:326,32,0,0
BRDA:326,32,1,0
BRDA:335,33,0,0
BRDA:335,33,1,0
BRDA:335,34,0,0
BRDA:335,34,1,0
BRDA:350,35,0,0
BRDA:350,35,1,0
BRDA:352,36,0,0
BRDA:352,36,1,0
BRDA:359,37,0,0
BRDA:359,37,1,0
BRDA:370,38,0,0
BRDA:370,38,1,0
BRDA:373,39,0,0
BRDA:373,39,1,0
BRDA:374,40,0,0
BRDA:374,40,1,0
BRDA:375,41,0,0
BRDA:375,41,1,0
BRDA:376,42,0,0
BRDA:376,42,1,0
BRDA:377,43,0,0
BRDA:377,43,1,0
BRDA:378,44,0,0
BRDA:378,44,1,0
BRDA:378,44,2,0
BRDA:379,45,0,0
BRDA:379,45,1,0
BRDA:380,46,0,0
BRDA:380,46,1,0
BRDA:381,47,0,0
BRDA:381,47,1,0
BRDA:382,48,0,0
BRDA:382,48,1,0
BRDA:389,49,0,0
BRDA:389,49,1,0
BRDA:395,50,0,0
BRDA:395,50,1,0
BRDA:396,51,0,0
BRDA:396,51,1,0
BRDA:397,52,0,0
BRDA:397,52,1,0
BRDA:407,53,0,0
BRDA:407,53,1,0
BRDA:411,54,0,0
BRDA:411,54,1,0
BRDA:435,55,0,0
BRDA:435,55,1,0
BRDA:440,56,0,0
BRDA:440,56,1,0
BRDA:465,57,0,0
BRDA:465,57,1,0
BRDA:531,58,0,0
BRDA:531,58,1,0
BRF:120
BRH:0
end_of_record
TN:
SF:docs/js/challenge/weekly-challenge-persistence.js
FN:7,(anonymous_0)
FN:17,(anonymous_1)
FN:41,(anonymous_2)
FN:56,(anonymous_3)
FN:66,(anonymous_4)
FN:109,(anonymous_5)
FN:124,(anonymous_6)
FN:133,(anonymous_7)
FN:156,(anonymous_8)
FN:170,(anonymous_9)
FN:214,(anonymous_10)
FN:220,(anonymous_11)
FN:234,(anonymous_12)
FN:250,(anonymous_13)
FN:275,(anonymous_14)
FN:296,(anonymous_15)
FN:304,(anonymous_16)
FN:312,(anonymous_17)
FN:350,(anonymous_18)
FN:354,(anonymous_19)
FN:358,(anonymous_20)
FNF:21
FNH:0
FNDA:0,(anonymous_0)
FNDA:0,(anonymous_1)
FNDA:0,(anonymous_2)
FNDA:0,(anonymous_3)
FNDA:0,(anonymous_4)
FNDA:0,(anonymous_5)
FNDA:0,(anonymous_6)
FNDA:0,(anonymous_7)
FNDA:0,(anonymous_8)
FNDA:0,(anonymous_9)
FNDA:0,(anonymous_10)
FNDA:0,(anonymous_11)
FNDA:0,(anonymous_12)
FNDA:0,(anonymous_13)
FNDA:0,(anonymous_14)
FNDA:0,(anonymous_15)
FNDA:0,(anonymous_16)
FNDA:0,(anonymous_17)
FNDA:0,(anonymous_18)
FNDA:0,(anonymous_19)
FNDA:0,(anonymous_20)
DA:8,0
DA:9,0
DA:10,0
DA:18,0
DA:19,0
DA:20,0
DA:22,0
DA:29,0
DA:30,0
DA:32,0
DA:33,0
DA:42,0
DA:43,0
DA:44,0
DA:46,0
DA:47,0
DA:57,0
DA:58,0
DA:67,0
DA:68,0
DA:70,0
DA:71,0
DA:79,0
DA:86,0
DA:87,0
DA:94,0
DA:95,0
DA:99,0
DA:101,0
DA:110,0
DA:111,0
DA:112,0
DA:114,0
DA:115,0
DA:125,0
DA:126,0
DA:134,0
DA:135,0
DA:136,0
DA:138,0
DA:144,0
DA:145,0
DA:147,0
DA:148,0
DA:157,0
DA:158,0
DA:159,0
DA:161,0
DA:162,0
DA:171,0
DA:172,0
DA:174,0
DA:183,0
DA:184,0
DA:186,0
DA:187,0
DA:188,0
DA:191,0
DA:192,0
DA:193,0
DA:194,0
DA:197,0
DA:199,0
DA:203,0
DA:204,0
DA:207,0
DA:215,0
DA:216,0
DA:217,0
DA:218,0
DA:220,0
DA:221,0
DA:223,0
DA:224,0
DA:226,0
DA:235,0
DA:251,0
DA:252,0
DA:253,0
DA:256,0
DA:257,0
DA:260,0
DA:261,0
DA:264,0
DA:266,0
DA:267,0
DA:276,0
DA:277,0
DA:278,0
DA:281,0
DA:282,0
DA:283,0
DA:284,0
DA:285,0
DA:287,0
DA:288,0
DA:297,0
DA:305,0
DA:313,0
DA:319,0
DA:321,0
DA:322,0
DA:323,0
DA:324,0
DA:325,0
DA:330,0
DA:331,0
DA:332,0
DA:333,0
DA:338,0
DA:339,0
DA:342,0
DA:347,0
DA:350,0
DA:351,0
DA:354,0
DA:355,0
DA:358,0
DA:359,0
DA:363,0
LF:120
LH:0
BRDA:19,0,0,0
BRDA:19,0,1,0
BRDA:20,1,0,0
BRDA:20,1,1,0
BRDA:44,2,0,0
BRDA:44,2,1,0
BRDA:58,3,0,0
BRDA:58,3,1,0
BRDA:70,4,0,0
BRDA:70,4,1,0
BRDA:86,5,0,0
BRDA:86,5,1,0
BRDA:90,6,0,0
BRDA:90,6,1,0
BRDA:94,7,0,0
BRDA:94,7,1,0
BRDA:112,8,0,0
BRDA:112,8,1,0
BRDA:126,9,0,0
BRDA:126,9,1,0
BRDA:136,10,0,0
BRDA:136,10,1,0
BRDA:159,11,0,0
BRDA:159,11,1,0
BRDA:187,12,0,0
BRDA:187,12,1,0
BRDA:191,13,0,0
BRDA:191,13,1,0
BRDA:197,14,0,0
BRDA:197,14,1,0
BRDA:197,15,0,0
BRDA:197,15,1,0
BRDA:203,16,0,0
BRDA:203,16,1,0
BRDA:221,17,0,0
BRDA:221,17,1,0
BRDA:226,18,0,0
BRDA:226,18,1,0
BRDA:252,19,0,0
BRDA:252,19,1,0
BRDA:256,20,0,0
BRDA:256,20,1,0
BRDA:260,21,0,0
BRDA:260,21,1,0
BRDA:275,22,0,0
BRDA:276,23,0,0
BRDA:276,23,1,0
BRDA:323,24,0,0
BRDA:323,24,1,0
BRDA:323,25,0,0
BRDA:323,25,1,0
BRDA:332,26,0,0
BRDA:332,26,1,0
BRF:53
BRH:0
end_of_record
TN:
SF:docs/js/challenge/weekly-challenge.js
FN:15,calculateWeekNumber
FN:25,(anonymous_1)
FN:35,(anonymous_2)
FN:46,(anonymous_3)
FN:54,(anonymous_4)
FN:73,(anonymous_5)
FN:98,(anonymous_6)
FN:164,(anonymous_7)
FN:208,(anonymous_8)
FN:221,(anonymous_9)
FN:237,(anonymous_10)
FN:238,(anonymous_11)
FN:252,(anonymous_12)
FN:309,(anonymous_13)
FN:329,(anonymous_14)
FNF:15
FNH:0
FNDA:0,calculateWeekNumber
FNDA:0,(anonymous_1)
FNDA:0,(anonymous_2)
FNDA:0,(anonymous_3)
FNDA:0,(anonymous_4)
FNDA:0,(anonymous_5)
FNDA:0,(anonymous_6)
FNDA:0,(anonymous_7)
FNDA:0,(anonymous_8)
FNDA:0,(anonymous_9)
FNDA:0,(anonymous_10)
FNDA:0,(anonymous_11)
FNDA:0,(anonymous_12)
FNDA:0,(anonymous_13)
FNDA:0,(anonymous_14)
DA:7,0
DA:16,0
DA:17,0
DA:19,0
DA:20,0
DA:21,0
DA:26,0
DA:27,0
DA:28,0
DA:36,0
DA:39,0
DA:47,0
DA:48,0
DA:49,0
DA:54,0
DA:55,0
DA:56,0
DA:60,0
DA:61,0
DA:63,0
DA:74,0
DA:77,0
DA:78,0
DA:81,0
DA:82,0
DA:84,0
DA:99,0
DA:106,0
DA:109,0
DA:166,0
DA:169,0
DA:170,0
DA:173,0
DA:174,0
DA:177,0
DA:180,0
DA:183,0
DA:185,0
DA:209,0
DA:210,0
DA:211,0
DA:212,0
DA:222,0
DA:223,0
DA:224,0
DA:225,0
DA:226,0
DA:228,0
DA:238,0
DA:239,0
DA:240,0
DA:253,0
DA:256,0
DA:257,0
DA:258,0
DA:259,0
DA:262,0
DA:263,0
DA:266,0
DA:273,0
DA:276,0
DA:277,0
DA:280,0
DA:283,0
DA:284,0
DA:285,0
DA:288,0
DA:294,0
DA:310,0
DA:317,0
DA:330,0
DA:353,0
DA:358,0
DA:359,0
DA:363,0
DA:364,0
LF:76
LH:0
BRDA:16,0,0,0
BRDA:16,0,1,0
BRDA:25,1,0,0
BRDA:36,2,0,0
BRDA:36,2,1,0
BRDA:48,3,0,0
BRDA:48,3,1,0
BRDA:74,4,0,0
BRDA:74,4,1,0
BRDA:211,5,0,0
BRDA:211,5,1,0
BRDA:284,6,0,0
BRDA:284,6,1,0
BRDA:297,7,0,0
BRDA:297,7,1,0
BRDA:317,8,0,0
BRDA:317,8,1,0
BRDA:358,9,0,0
BRDA:358,9,1,0
BRDA:358,10,0,0
BRDA:358,10,1,0
BRDA:363,11,0,0
BRDA:363,11,1,0
BRF:23
BRH:0
end_of_record
TN:
SF:docs/js/core/browser-adaptive-timeout.js
FN:9,(anonymous_0)
FN:22,(anonymous_1)
FN:52,(anonymous_2)
FN:87,(anonymous_3)
FN:140,(anonymous_4)
FN:158,(anonymous_5)
FN:168,(anonymous_6)
FN:169,(anonymous_7)
FN:188,(anonymous_8)
FN:196,(anonymous_9)
FN:233,(anonymous_10)
FN:246,(anonymous_11)
FNF:12
FNH:0
FNDA:0,(anonymous_0)
FNDA:0,(anonymous_1)
FNDA:0,(anonymous_2)
FNDA:0,(anonymous_3)
FNDA:0,(anonymous_4)
FNDA:0,(anonymous_5)
FNDA:0,(anonymous_6)
FNDA:0,(anonymous_7)
FNDA:0,(anonymous_8)
FNDA:0,(anonymous_9)
FNDA:0,(anonymous_10)
FNDA:0,(anonymous_11)
DA:10,0
DA:11,0
DA:12,0
DA:14,0
DA:15,0
DA:16,0
DA:23,0
DA:24,0
DA:25,0
DA:26,0
DA:27,0
DA:28,0
DA:31,0
DA:32,0
DA:33,0
DA:35,0
DA:53,0
DA:56,0
DA:57,0
DA:58,0
DA:60,0
DA:61,0
DA:64,0
DA:67,0
DA:70,0
DA:73,0
DA:75,0
DA:88,0
DA:89,0
DA:92,0
DA:93,0
DA:94,0
DA:95,0
DA:96,0
DA:97,0
DA:101,0
DA:102,0
DA:106,0
DA:107,0
DA:110,0
DA:111,0
DA:115,0
DA:116,0
DA:120,0
DA:121,0
DA:122,0
DA:123,0
DA:126,0
DA:141,0
DA:142,0
DA:145,0
DA:146,0
DA:148,0
DA:150,0
DA:152,0
DA:159,0
DA:160,0
DA:162,0
DA:163,0
DA:164,0
DA:166,0
DA:169,0
DA:173,0
DA:174,0
DA:177,0
DA:179,0
DA:180,0
DA:184,0
DA:185,0
DA:188,0
DA:197,0
DA:204,0
DA:206,0
DA:207,0
DA:208,0
DA:209,0
DA:211,0
DA:212,0
DA:213,0
DA:214,0
DA:216,0
DA:217,0
DA:218,0
DA:221,0
DA:223,0
DA:224,0
DA:227,0
DA:234,0
DA:247,0
DA:249,0
DA:250,0
DA:257,0
DA:258,0
DA:265,0
DA:266,0
DA:273,0
DA:274,0
DA:281,0
DA:286,0
DA:289,0
DA:290,0
DA:294,0
DA:295,0
DA:299,0
DA:300,0
DA:301,0
LF:106
LH:0
BRDA:24,0,0,0
BRDA:24,0,1,0
BRDA:26,1,0,0
BRDA:26,1,1,0
BRDA:31,2,0,0
BRDA:31,2,1,0
BRDA:32,3,0,0
BRDA:32,3,1,0
BRDA:33,4,0,0
BRDA:33,4,1,0
BRDA:36,5,0,0
BRDA:36,5,1,0
BRDA:36,6,0,0
BRDA:36,6,1,0
BRDA:36,7,0,0
BRDA:36,7,1,0
BRDA:36,8,0,0
BRDA:36,8,1,0
BRDA:73,9,0,0
BRDA:73,9,1,0
BRDA:92,10,0,0
BRDA:92,10,1,0
BRDA:94,11,0,0
BRDA:94,11,1,0
BRDA:96,12,0,0
BRDA:96,12,1,0
BRDA:101,13,0,0
BRDA:101,13,1,0
BRDA:106,14,0,0
BRDA:106,14,1,0
BRDA:110,15,0,0
BRDA:110,15,1,0
BRDA:115,16,0,0
BRDA:115,16,1,0
BRDA:120,17,0,0
BRDA:120,17,1,0
BRDA:120,18,0,0
BRDA:120,18,1,0
BRDA:122,19,0,0
BRDA:122,19,1,0
BRDA:140,20,0,0
BRDA:141,21,0,0
BRDA:141,21,1,0
BRDA:158,22,0,0
BRDA:179,23,0,0
BRDA:179,23,1,0
BRDA:204,24,0,0
BRDA:204,24,1,0
BRDA:209,25,0,0
BRDA:209,25,1,0
BRDA:214,26,0,0
BRDA:214,26,1,0
BRDA:221,27,0,0
BRDA:221,27,1,0
BRDA:249,28,0,0
BRDA:249,28,1,0
BRDA:257,29,0,0
BRDA:257,29,1,0
BRDA:265,30,0,0
BRDA:265,30,1,0
BRDA:273,31,0,0
BRDA:273,31,1,0
BRDA:289,32,0,0
BRDA:289,32,1,0
BRDA:289,33,0,0
BRDA:289,33,1,0
BRDA:294,34,0,0
BRDA:294,34,1,0
BRDA:299,35,0,0
BRDA:299,35,1,0
BRF:70
BRH:0
end_of_record
TN:
SF:docs/js/core/parallel-initializer.js
FN:8,(anonymous_0)
FN:58,(anonymous_1)
FN:71,(anonymous_2)
FN:84,(anonymous_3)
FN:96,(anonymous_4)
FN:159,(anonymous_5)
FN:168,(anonymous_6)
FN:173,(anonymous_7)
FN:186,(anonymous_8)
FN:194,(anonymous_9)
FN:205,(anonymous_10)
FN:227,(anonymous_11)
FN:329,(anonymous_12)
FN:330,(anonymous_13)
FN:334,(anonymous_14)
FN:338,(anonymous_15)
FN:348,(anonymous_16)
FN:363,(anonymous_17)
FN:445,(anonymous_18)
FN:544,(anonymous_19)
FN:559,(anonymous_20)
FN:643,(anonymous_21)
FN:646,(anonymous_22)
FN:682,(anonymous_23)
FN:803,(anonymous_24)
FN:805,(anonymous_25)
FN:822,(anonymous_26)
FN:850,(anonymous_27)
FN:921,(anonymous_28)
FN:923,(anonymous_29)
FN:945,(anonymous_30)
FN:952,(anonymous_31)
FN:961,(anonymous_32)
FN:971,(anonymous_33)
FN:984,(anonymous_34)
FN:986,(anonymous_35)
FNF:36
FNH:0
FNDA:0,(anonymous_0)
FNDA:0,(anonymous_1)
FNDA:0,(anonymous_2)
FNDA:0,(anonymous_3)
FNDA:0,(anonymous_4)
FNDA:0,(anonymous_5)
FNDA:0,(anonymous_6)
FNDA:0,(anonymous_7)
FNDA:0,(anonymous_8)
FNDA:0,(anonymous_9)
FNDA:0,(anonymous_10)
FNDA:0,(anonymous_11)
FNDA:0,(anonymous_12)
FNDA:0,(anonymous_13)
FNDA:0,(anonymous_14)
FNDA:0,(anonymous_15)
FNDA:0,(anonymous_16)
FNDA:0,(anonymous_17)
FNDA:0,(anonymous_18)
FNDA:0,(anonymous_19)
FNDA:0,(anonymous_20)
FNDA:0,(anonymous_21)
FNDA:0,(anonymous_22)
FNDA:0,(anonymous_23)
FNDA:0,(anonymous_24)
FNDA:0,(anonymous_25)
FNDA:0,(anonymous_26)
FNDA:0,(anonymous_27)
FNDA:0,(anonymous_28)
FNDA:0,(anonymous_29)
FNDA:0,(anonymous_30)
FNDA:0,(anonymous_31)
FNDA:0,(anonymous_32)
FNDA:0,(anonymous_33)
FNDA:0,(anonymous_34)
FNDA:0,(anonymous_35)
DA:9,0
DA:22,0
DA:24,0
DA:33,0
DA:34,0
DA:39,0
DA:40,0
DA:41,0
DA:43,0
DA:44,0
DA:48,0
DA:49,0
DA:51,0
DA:52,0
DA:59,0
DA:60,0
DA:61,0
DA:62,0
DA:64,0
DA:72,0
DA:73,0
DA:74,0
DA:75,0
DA:77,0
DA:85,0
DA:97,0
DA:98,0
DA:99,0
DA:102,0
DA:103,0
DA:106,0
DA:107,0
DA:108,0
DA:111,0
DA:113,0
DA:118,0
DA:120,0
DA:123,0
DA:126,0
DA:129,0
DA:131,0
DA:132,0
DA:135,0
DA:136,0
DA:139,0
DA:141,0
DA:144,0
DA:145,0
DA:147,0
DA:150,0
DA:151,0
DA:152,0
DA:160,0
DA:162,0
DA:164,0
DA:166,0
DA:167,0
DA:170,0
DA:171,0
DA:173,0
DA:177,0
DA:187,0
DA:188,0
DA:196,0
DA:202,0
DA:203,0
DA:205,0
DA:209,0
DA:213,0
DA:214,0
DA:220,0
DA:229,0
DA:230,0
DA:231,0
DA:232,0
DA:235,0
DA:236,0
DA:241,0
DA:243,0
DA:244,0
DA:247,0
DA:248,0
DA:254,0
DA:255,0
DA:260,0
DA:261,0
DA:262,0
DA:265,0
DA:268,0
DA:269,0
DA:272,0
DA:275,0
DA:276,0
DA:280,0
DA:283,0
DA:284,0
DA:288,0
DA:289,0
DA:290,0
DA:292,0
DA:293,0
DA:294,0
DA:296,0
DA:297,0
DA:300,0
DA:302,0
DA:304,0
DA:305,0
DA:310,0
DA:311,0
DA:317,0
DA:323,0
DA:330,0
DA:331,0
DA:332,0
DA:333,0
DA:334,0
DA:335,0
DA:336,0
DA:338,0
DA:339,0
DA:341,0
DA:349,0
DA:351,0
DA:356,0
DA:357,0
DA:364,0
DA:366,0
DA:368,0
DA:370,0
DA:373,0
DA:374,0
DA:377,0
DA:380,0
DA:395,0
DA:398,0
DA:413,0
DA:414,0
DA:417,0
DA:418,0
DA:424,0
DA:431,0
DA:432,0
DA:438,0
DA:446,0
DA:448,0
DA:450,0
DA:452,0
DA:458,0
DA:460,0
DA:461,0
DA:463,0
DA:464,0
DA:465,0
DA:466,0
DA:470,0
DA:471,0
DA:472,0
DA:475,0
DA:477,0
DA:478,0
DA:479,0
DA:485,0
DA:487,0
DA:490,0
DA:495,0
DA:515,0
DA:516,0
DA:523,0
DA:530,0
DA:531,0
DA:537,0
DA:545,0
DA:547,0
DA:552,0
DA:553,0
DA:560,0
DA:562,0
DA:564,0
DA:566,0
DA:567,0
DA:569,0
DA:572,0
DA:573,0
DA:574,0
DA:576,0
DA:579,0
DA:600,0
DA:603,0
DA:605,0
DA:606,0
DA:612,0
DA:619,0
DA:623,0
DA:624,0
DA:632,0
DA:645,0
DA:646,0
DA:649,0
DA:650,0
DA:653,0
DA:655,0
DA:656,0
DA:657,0
DA:658,0
DA:659,0
DA:660,0
DA:663,0
DA:664,0
DA:666,0
DA:668,0
DA:669,0
DA:672,0
DA:676,0
DA:683,0
DA:685,0
DA:687,0
DA:689,0
DA:690,0
DA:692,0
DA:694,0
DA:695,0
DA:696,0
DA:697,0
DA:700,0
DA:701,0
DA:702,0
DA:712,0
DA:721,0
DA:724,0
DA:727,0
DA:750,0
DA:753,0
DA:755,0
DA:758,0
DA:771,0
DA:772,0
DA:775,0
DA:776,0
DA:782,0
DA:789,0
DA:790,0
DA:796,0
DA:805,0
DA:806,0
DA:807,0
DA:808,0
DA:810,0
DA:811,0
DA:822,0
DA:823,0
DA:824,0
DA:844,0
DA:851,0
DA:853,0
DA:855,0
DA:857,0
DA:873,0
DA:874,0
DA:889,0
DA:893,0
DA:900,0
DA:907,0
DA:908,0
DA:914,0
DA:922,0
DA:923,0
DA:924,0
DA:926,0
DA:946,0
DA:953,0
DA:962,0
DA:963,0
DA:965,0
DA:972,0
DA:973,0
DA:974,0
DA:975,0
DA:976,0
DA:985,0
DA:986,0
DA:987,0
DA:988,0
DA:990,0
DA:998,0
DA:1001,0
DA:1002,0
DA:1006,0
DA:1007,0
LF:289
LH:0
BRDA:24,0,0,0
BRDA:24,0,1,0
BRDA:33,1,0,0
BRDA:33,1,1,0
BRDA:34,2,0,0
BRDA:34,2,1,0
BRDA:39,3,0,0
BRDA:39,3,1,0
BRDA:40,4,0,0
BRDA:40,4,1,0
BRDA:86,5,0,0
BRDA:86,5,1,0
BRDA:97,6,0,0
BRDA:97,6,1,0
BRDA:106,7,0,0
BRDA:106,7,1,0
BRDA:135,8,0,0
BRDA:135,8,1,0
BRDA:166,9,0,0
BRDA:166,9,1,0
BRDA:170,10,0,0
BRDA:170,10,1,0
BRDA:174,11,0,0
BRDA:174,11,1,0
BRDA:181,12,0,0
BRDA:181,12,1,0
BRDA:202,13,0,0
BRDA:202,13,1,0
BRDA:230,14,0,0
BRDA:230,14,1,0
BRDA:230,15,0,0
BRDA:230,15,1,0
BRDA:235,16,0,0
BRDA:235,16,1,0
BRDA:241,17,0,0
BRDA:241,17,1,0
BRDA:247,18,0,0
BRDA:247,18,1,0
BRDA:254,19,0,0
BRDA:254,19,1,0
BRDA:256,20,0,0
BRDA:256,20,1,0
BRDA:260,21,0,0
BRDA:260,21,1,0
BRDA:268,22,0,0
BRDA:268,22,1,0
BRDA:275,23,0,0
BRDA:275,23,1,0
BRDA:276,24,0,0
BRDA:276,24,1,0
BRDA:277,25,0,0
BRDA:277,25,1,0
BRDA:278,26,0,0
BRDA:278,26,1,0
BRDA:283,27,0,0
BRDA:283,27,1,0
BRDA:288,28,0,0
BRDA:288,28,1,0
BRDA:296,29,0,0
BRDA:296,29,1,0
BRDA:304,30,0,0
BRDA:304,30,1,0
BRDA:332,31,0,0
BRDA:332,31,1,0
BRDA:373,32,0,0
BRDA:373,32,1,0
BRDA:389,33,0,0
BRDA:389,33,1,0
BRDA:390,34,0,0
BRDA:390,34,1,0
BRDA:400,35,0,0
BRDA:400,35,1,0
BRDA:401,36,0,0
BRDA:401,36,1,0
BRDA:413,37,0,0
BRDA:413,37,1,0
BRDA:452,38,0,0
BRDA:452,38,1,0
BRDA:464,39,0,0
BRDA:464,39,1,0
BRDA:471,40,0,0
BRDA:471,40,1,0
BRDA:566,41,0,0
BRDA:566,41,1,0
BRDA:566,42,0,0
BRDA:566,42,1,0
BRDA:567,43,0,0
BRDA:567,43,1,0
BRDA:645,44,0,0
BRDA:645,44,1,0
BRDA:649,45,0,0
BRDA:649,45,1,0
BRDA:658,46,0,0
BRDA:658,46,1,0
BRDA:663,47,0,0
BRDA:663,47,1,0
BRDA:690,48,0,0
BRDA:690,48,1,0
BRDA:692,49,0,0
BRDA:692,49,1,0
BRDA:700,50,0,0
BRDA:700,50,1,0
BRDA:703,51,0,0
BRDA:703,51,1,0
BRDA:704,52,0,0
BRDA:704,52,1,0
BRDA:705,53,0,0
BRDA:705,53,1,0
BRDA:706,54,0,0
BRDA:706,54,1,0
BRDA:707,55,0,0
BRDA:707,55,1,0
BRDA:708,56,0,0
BRDA:708,56,1,0
BRDA:745,57,0,0
BRDA:745,57,1,0
BRDA:746,58,0,0
BRDA:746,58,1,0
BRDA:771,59,0,0
BRDA:771,59,1,0
BRDA:810,60,0,0
BRDA:810,60,1,0
BRDA:823,61,0,0
BRDA:823,61,1,0
BRDA:953,62,0,0
BRDA:953,62,1,0
BRDA:953,62,2,0
BRDA:962,63,0,0
BRDA:962,63,1,0
BRDA:972,64,0,0
BRDA:972,64,1,0
BRDA:975,65,0,0
BRDA:975,65,1,0
BRDA:985,66,0,0
BRDA:985,66,1,0
BRDA:1001,67,0,0
BRDA:1001,67,1,0
BRDA:1001,68,0,0
BRDA:1001,68,1,0
BRDA:1006,69,0,0
BRDA:1006,69,1,0
BRF:141
BRH:0
end_of_record
TN:
SF:docs/js/core/pyodide-preloader.js
FN:9,(anonymous_0)
FN:40,(anonymous_1)
FN:58,(anonymous_2)
FN:112,(anonymous_3)
FN:119,(anonymous_4)
FN:124,(anonymous_5)
FN:146,(anonymous_6)
FN:163,(anonymous_7)
FN:171,(anonymous_8)
FN:178,(anonymous_9)
FN:179,(anonymous_10)
FN:183,(anonymous_11)
FN:203,(anonymous_12)
FN:220,(anonymous_13)
FN:246,(anonymous_14)
FN:333,(anonymous_15)
FN:335,(anonymous_16)
FN:336,(anonymous_17)
FN:353,(anonymous_18)
FN:360,(anonymous_19)
FN:370,(anonymous_20)
FN:383,(anonymous_21)
FN:385,(anonymous_22)
FN:398,(anonymous_23)
FN:400,(anonymous_24)
FN:411,(anonymous_25)
FN:416,(anonymous_26)
FN:420,(anonymous_27)
FN:424,(anonymous_28)
FN:428,(anonymous_29)
FNF:30
FNH:0
FNDA:0,(anonymous_0)
FNDA:0,(anonymous_1)
FNDA:0,(anonymous_2)
FNDA:0,(anonymous_3)
FNDA:0,(anonymous_4)
FNDA:0,(anonymous_5)
FNDA:0,(anonymous_6)
FNDA:0,(anonymous_7)
FNDA:0,(anonymous_8)
FNDA:0,(anonymous_9)
FNDA:0,(anonymous_10)
FNDA:0,(anonymous_11)
FNDA:0,(anonymous_12)
FNDA:0,(anonymous_13)
FNDA:0,(anonymous_14)
FNDA:0,(anonymous_15)
FNDA:0,(anonymous_16)
FNDA:0,(anonymous_17)
FNDA:0,(anonymous_18)
FNDA:0,(anonymous_19)
FNDA:0,(anonymous_20)
FNDA:0,(anonymous_21)
FNDA:0,(anonymous_22)
FNDA:0,(anonymous_23)
FNDA:0,(anonymous_24)
FNDA:0,(anonymous_25)
FNDA:0,(anonymous_26)
FNDA:0,(anonymous_27)
FNDA:0,(anonymous_28)
FNDA:0,(anonymous_29)
DA:10,0
DA:11,0
DA:22,0
DA:30,0
DA:31,0
DA:32,0
DA:34,0
DA:41,0
DA:49,0
DA:50,0
DA:52,0
DA:59,0
DA:60,0
DA:61,0
DA:64,0
DA:65,0
DA:66,0
DA:69,0
DA:70,0
DA:72,0
DA:74,0
DA:79,0
DA:81,0
DA:82,0
DA:83,0
DA:84,0
DA:85,0
DA:86,0
DA:87,0
DA:91,0
DA:93,0
DA:94,0
DA:96,0
DA:97,0
DA:99,0
DA:102,0
DA:103,0
DA:104,0
DA:105,0
DA:113,0
DA:114,0
DA:117,0
DA:118,0
DA:119,0
DA:121,0
DA:122,0
DA:123,0
DA:125,0
DA:126,0
DA:130,0
DA:131,0
DA:133,0
DA:136,0
DA:138,0
DA:139,0
DA:148,0
DA:149,0
DA:150,0
DA:152,0
DA:153,0
DA:156,0
DA:157,0
DA:160,0
DA:163,0
DA:164,0
DA:167,0
DA:170,0
DA:171,0
DA:172,0
DA:179,0
DA:180,0
DA:181,0
DA:183,0
DA:184,0
DA:186,0
DA:188,0
DA:189,0
DA:192,0
DA:193,0
DA:194,0
DA:197,0
DA:198,0
DA:199,0
DA:203,0
DA:204,0
DA:205,0
DA:209,0
DA:221,0
DA:223,0
DA:230,0
DA:231,0
DA:233,0
DA:235,0
DA:247,0
DA:334,0
DA:335,0
DA:336,0
DA:337,0
DA:339,0
DA:354,0
DA:361,0
DA:362,0
DA:364,0
DA:371,0
DA:372,0
DA:373,0
DA:374,0
DA:375,0
DA:384,0
DA:385,0
DA:386,0
DA:387,0
DA:389,0
DA:399,0
DA:400,0
DA:401,0
DA:404,0
DA:412,0
DA:415,0
DA:416,0
DA:417,0
DA:420,0
DA:421,0
DA:424,0
DA:425,0
DA:428,0
DA:429,0
DA:434,0
DA:437,0
DA:439,0
DA:444,0
LF:131
LH:0
BRDA:32,0,0,0
BRDA:32,0,1,0
BRDA:59,1,0,0
BRDA:59,1,1,0
BRDA:64,2,0,0
BRDA:64,2,1,0
BRDA:81,3,0,0
BRDA:81,3,1,0
BRDA:113,4,0,0
BRDA:113,4,1,0
BRDA:121,5,0,0
BRDA:121,5,1,0
BRDA:126,6,0,0
BRDA:126,6,1,0
BRDA:186,7,0,0
BRDA:186,7,1,0
BRDA:186,7,2,0
BRDA:361,8,0,0
BRDA:361,8,1,0
BRDA:371,9,0,0
BRDA:371,9,1,0
BRDA:374,10,0,0
BRDA:374,10,1,0
BRDA:384,11,0,0
BRDA:384,11,1,0
BRDA:398,12,0,0
BRDA:399,13,0,0
BRDA:399,13,1,0
BRDA:411,14,0,0
BRDA:415,15,0,0
BRDA:415,15,1,0
BRF:31
BRH:0
end_of_record
TN:
SF:docs/js/core/bridge/python-js-bridge.js
FN:7,(anonymous_0)
FN:18,(anonymous_1)
FN:19,(anonymous_2)
FN:23,(anonymous_3)
FN:29,(anonymous_4)
FN:33,(anonymous_5)
FN:38,(anonymous_6)
FN:51,(anonymous_7)
FN:58,(anonymous_8)
FN:67,(anonymous_9)
FN:77,(anonymous_10)
FN:88,(anonymous_11)
FN:100,(anonymous_12)
FN:105,(anonymous_13)
FN:114,(anonymous_14)
FN:144,(anonymous_15)
FN:153,(anonymous_16)
FN:155,(anonymous_17)
FN:169,(anonymous_18)
FN:182,(anonymous_19)
FN:197,(anonymous_20)
FN:215,(anonymous_21)
FNF:22
FNH:0
FNDA:0,(anonymous_0)
FNDA:0,(anonymous_1)
FNDA:0,(anonymous_2)
FNDA:0,(anonymous_3)
FNDA:0,(anonymous_4)
FNDA:0,(anonymous_5)
FNDA:0,(anonymous_6)
FNDA:0,(anonymous_7)
FNDA:0,(anonymous_8)
FNDA:0,(anonymous_9)
FNDA:0,(anonymous_10)
FNDA:0,(anonymous_11)
FNDA:0,(anonymous_12)
FNDA:0,(anonymous_13)
FNDA:0,(anonymous_14)
FNDA:0,(anonymous_15)
FNDA:0,(anonymous_16)
FNDA:0,(anonymous_17)
FNDA:0,(anonymous_18)
FNDA:0,(anonymous_19)
FNDA:0,(anonymous_20)
FNDA:0,(anonymous_21)
DA:8,0
DA:9,0
DA:10,0
DA:11,0
DA:19,0
DA:20,0
DA:21,0
DA:23,0
DA:24,0
DA:25,0
DA:26,0
DA:29,0
DA:30,0
DA:33,0
DA:34,0
DA:35,0
DA:38,0
DA:39,0
DA:40,0
DA:43,0
DA:52,0
DA:53,0
DA:54,0
DA:57,0
DA:58,0
DA:60,0
DA:68,0
DA:69,0
DA:71,0
DA:78,0
DA:79,0
DA:80,0
DA:81,0
DA:89,0
DA:90,0
DA:91,0
DA:93,0
DA:101,0
DA:102,0
DA:103,0
DA:105,0
DA:106,0
DA:115,0
DA:116,0
DA:117,0
DA:125,0
DA:145,0
DA:146,0
DA:147,0
DA:148,0
DA:150,0
DA:155,0
DA:156,0
DA:157,0
DA:160,0
DA:161,0
DA:169,0
DA:170,0
DA:172,0
DA:182,0
DA:183,0
DA:185,0
DA:186,0
DA:189,0
DA:198,0
DA:201,0
DA:217,0
DA:222,0
LF:68
LH:0
BRDA:18,0,0,0
BRDA:57,1,0,0
BRDA:57,1,1,0
BRDA:68,2,0,0
BRDA:68,2,1,0
BRDA:78,3,0,0
BRDA:78,3,1,0
BRDA:80,4,0,0
BRDA:80,4,1,0
BRDA:89,5,0,0
BRDA:89,5,1,0
BRDA:89,6,0,0
BRDA:89,6,1,0
BRDA:101,7,0,0
BRDA:101,7,1,0
BRDA:115,8,0,0
BRDA:115,8,1,0
BRDA:160,9,0,0
BRDA:160,9,1,0
BRDA:170,10,0,0
BRDA:170,10,1,0
BRDA:170,11,0,0
BRDA:170,11,1,0
BRDA:183,12,0,0
BRDA:183,12,1,0
BRDA:183,13,0,0
BRDA:183,13,1,0
BRF:27
BRH:0
end_of_record
TN:
SF:docs/js/optimization/dashboard-controller.js
FN:10,(anonymous_0)
FN:80,(anonymous_1)
FN:95,(anonymous_2)
FN:144,(anonymous_3)
FN:146,(anonymous_4)
FN:192,(anonymous_5)
FN:223,(anonymous_6)
FN:252,(anonymous_7)
FN:254,(anonymous_8)
FN:255,(anonymous_9)
FN:256,(anonymous_10)
FN:257,(anonymous_11)
FN:258,(anonymous_12)
FN:261,(anonymous_13)
FN:262,(anonymous_14)
FN:269,(anonymous_15)
FN:272,(anonymous_16)
FN:278,(anonymous_17)
FN:317,(anonymous_18)
FN:339,(anonymous_19)
FN:358,(anonymous_20)
FN:368,(anonymous_21)
FN:370,(anonymous_22)
FN:378,(anonymous_23)
FN:412,(anonymous_24)
FN:441,(anonymous_25)
FN:456,(anonymous_26)
FN:461,(anonymous_27)
FN:472,(anonymous_28)
FN:482,(anonymous_29)
FN:526,(anonymous_30)
FN:550,(anonymous_31)
FN:563,(anonymous_32)
FN:587,(anonymous_33)
FN:610,(anonymous_34)
FN:627,(anonymous_35)
FN:638,(anonymous_36)
FN:650,(anonymous_37)
FN:722,(anonymous_38)
FN:750,(anonymous_39)
FN:755,(anonymous_40)
FN:770,(anonymous_41)
FN:789,(anonymous_42)
FN:799,(anonymous_43)
FN:829,(anonymous_44)
FN:851,(anonymous_45)
FN:865,(anonymous_46)
FN:879,(anonymous_47)
FN:893,(anonymous_48)
FN:910,(anonymous_49)
FN:962,(anonymous_50)
FN:968,(anonymous_51)
FN:976,(anonymous_52)
FN:980,(anonymous_53)
FN:995,(anonymous_54)
FN:1021,(anonymous_55)
FN:1025,(anonymous_56)
FN:1036,(anonymous_57)
FN:1049,(anonymous_58)
FN:1098,(anonymous_59)
FN:1107,(anonymous_60)
FN:1109,(anonymous_61)
FN:1132,(anonymous_62)
FN:1181,(anonymous_63)
FN:1236,(anonymous_64)
FNF:65
FNH:0
FNDA:0,(anonymous_0)
FNDA:0,(anonymous_1)
FNDA:0,(anonymous_2)
FNDA:0,(anonymous_3)
FNDA:0,(anonymous_4)
FNDA:0,(anonymous_5)
FNDA:0,(anonymous_6)
FNDA:0,(anonymous_7)
FNDA:0,(anonymous_8)
FNDA:0,(anonymous_9)
FNDA:0,(anonymous_10)
FNDA:0,(anonymous_11)
FNDA:0,(anonymous_12)
FNDA:0,(anonymous_13)
FNDA:0,(anonymous_14)
FNDA:0,(anonymous_15)
FNDA:0,(anonymous_16)
FNDA:0,(anonymous_17)
FNDA:0,(anonymous_18)
FNDA:0,(anonymous_19)
FNDA:0,(anonymous_20)
FNDA:0,(anonymous_21)
FNDA:0,(anonymous_22)
FNDA:0,(anonymous_23)
FNDA:0,(anonymous_24)
FNDA:0,(anonymous_25)
FNDA:0,(anonymous_26)
FNDA:0,(anonymous_27)
FNDA:0,(anonymous_28)
FNDA:0,(anonymous_29)
FNDA:0,(anonymous_30)
FNDA:0,(anonymous_31)
FNDA:0,(anonymous_32)
FNDA:0,(anonymous_33)
FNDA:0,(anonymous_34)
FNDA:0,(anonymous_35)
FNDA:0,(anonymous_36)
FNDA:0,(anonymous_37)
FNDA:0,(anonymous_38)
FNDA:0,(anonymous_39)
FNDA:0,(anonymous_40)
FNDA:0,(anonymous_41)
FNDA:0,(anonymous_42)
FNDA:0,(anonymous_43)
FNDA:0,(anonymous_44)
FNDA:0,(anonymous_45)
FNDA:0,(anonymous_46)
FNDA:0,(anonymous_47)
FNDA:0,(anonymous_48)
FNDA:0,(anonymous_49)
FNDA:0,(anonymous_50)
FNDA:0,(anonymous_51)
FNDA:0,(anonymous_52)
FNDA:0,(anonymous_53)
FNDA:0,(anonymous_54)
FNDA:0,(anonymous_55)
FNDA:0,(anonymous_56)
FNDA:0,(anonymous_57)
FNDA:0,(anonymous_58)
FNDA:0,(anonymous_59)
FNDA:0,(anonymous_60)
FNDA:0,(anonymous_61)
FNDA:0,(anonymous_62)
FNDA:0,(anonymous_63)
FNDA:0,(anonymous_64)
DA:12,0
DA:44,0
DA:59,0
DA:74,0
DA:81,0
DA:82,0
DA:83,0
DA:84,0
DA:87,0
DA:89,0
DA:97,0
DA:98,0
DA:99,0
DA:100,0
DA:101,0
DA:104,0
DA:107,0
DA:108,0
DA:109,0
DA:111,0
DA:112,0
DA:114,0
DA:115,0
DA:116,0
DA:118,0
DA:119,0
DA:121,0
DA:122,0
DA:125,0
DA:126,0
DA:127,0
DA:128,0
DA:129,0
DA:132,0
DA:133,0
DA:134,0
DA:135,0
DA:138,0
DA:146,0
DA:148,0
DA:155,0
DA:162,0
DA:169,0
DA:175,0
DA:182,0
DA:185,0
DA:193,0
DA:194,0
DA:204,0
DA:205,0
DA:208,0
DA:209,0
DA:210,0
DA:211,0
DA:213,0
DA:214,0
DA:215,0
DA:217,0
DA:224,0
DA:225,0
DA:233,0
DA:234,0
DA:237,0
DA:238,0
DA:239,0
DA:240,0
DA:242,0
DA:243,0
DA:244,0
DA:246,0
DA:254,0
DA:255,0
DA:256,0
DA:257,0
DA:258,0
DA:261,0
DA:262,0
DA:263,0
DA:264,0
DA:269,0
DA:272,0
DA:280,0
DA:283,0
DA:284,0
DA:286,0
DA:287,0
DA:288,0
DA:290,0
DA:291,0
DA:294,0
DA:295,0
DA:296,0
DA:297,0
DA:301,0
DA:303,0
DA:304,0
DA:306,0
DA:310,0
DA:318,0
DA:319,0
DA:320,0
DA:322,0
DA:326,0
DA:327,0
DA:330,0
DA:331,0
DA:332,0
DA:341,0
DA:342,0
DA:343,0
DA:353,0
DA:355,0
DA:358,0
DA:359,0
DA:360,0
DA:370,0
DA:371,0
DA:379,0
DA:380,0
DA:381,0
DA:384,0
DA:385,0
DA:386,0
DA:387,0
DA:390,0
DA:391,0
DA:392,0
DA:393,0
DA:396,0
DA:399,0
DA:401,0
DA:402,0
DA:404,0
DA:405,0
DA:413,0
DA:414,0
DA:415,0
DA:418,0
DA:419,0
DA:420,0
DA:423,0
DA:424,0
DA:425,0
DA:426,0
DA:429,0
DA:431,0
DA:433,0
DA:434,0
DA:442,0
DA:444,0
DA:445,0
DA:446,0
DA:448,0
DA:449,0
DA:457,0
DA:458,0
DA:461,0
DA:462,0
DA:466,0
DA:473,0
DA:474,0
DA:475,0
DA:483,0
DA:484,0
DA:485,0
DA:488,0
DA:489,0
DA:492,0
DA:495,0
DA:498,0
DA:501,0
DA:504,0
DA:507,0
DA:508,0
DA:512,0
DA:513,0
DA:517,0
DA:520,0
DA:527,0
DA:528,0
DA:531,0
DA:532,0
DA:535,0
DA:536,0
DA:537,0
DA:538,0
DA:539,0
DA:540,0
DA:544,0
DA:551,0
DA:552,0
DA:554,0
DA:555,0
DA:557,0
DA:564,0
DA:565,0
DA:567,0
DA:568,0
DA:571,0
DA:572,0
DA:575,0
DA:576,0
DA:578,0
DA:581,0
DA:588,0
DA:589,0
DA:592,0
DA:593,0
DA:595,0
DA:597,0
DA:598,0
DA:599,0
DA:600,0
DA:604,0
DA:611,0
DA:613,0
DA:614,0
DA:615,0
DA:618,0
DA:619,0
DA:621,0
DA:628,0
DA:629,0
DA:637,0
DA:638,0
DA:639,0
DA:640,0
DA:641,0
DA:642,0
DA:652,0
DA:664,0
DA:665,0
DA:668,0
DA:669,0
DA:670,0
DA:673,0
DA:674,0
DA:675,0
DA:678,0
DA:679,0
DA:680,0
DA:683,0
DA:684,0
DA:685,0
DA:686,0
DA:688,0
DA:692,0
DA:693,0
DA:696,0
DA:697,0
DA:701,0
DA:702,0
DA:703,0
DA:704,0
DA:705,0
DA:708,0
DA:709,0
DA:710,0
DA:711,0
DA:712,0
DA:716,0
DA:723,0
DA:726,0
DA:727,0
DA:728,0
DA:729,0
DA:733,0
DA:734,0
DA:735,0
DA:736,0
DA:740,0
DA:741,0
DA:742,0
DA:743,0
DA:751,0
DA:752,0
DA:753,0
DA:755,0
DA:756,0
DA:757,0
DA:758,0
DA:760,0
DA:761,0
DA:762,0
DA:763,0
DA:771,0
DA:772,0
DA:775,0
DA:781,0
DA:782,0
DA:790,0
DA:791,0
DA:792,0
DA:793,0
DA:800,0
DA:801,0
DA:802,0
DA:805,0
DA:808,0
DA:810,0
DA:812,0
DA:813,0
DA:814,0
DA:815,0
DA:816,0
DA:817,0
DA:818,0
DA:822,0
DA:823,0
DA:824,0
DA:826,0
DA:827,0
DA:829,0
DA:830,0
DA:831,0
DA:833,0
DA:834,0
DA:836,0
DA:840,0
DA:843,0
DA:844,0
DA:845,0
DA:847,0
DA:848,0
DA:849,0
DA:851,0
DA:852,0
DA:853,0
DA:854,0
DA:857,0
DA:858,0
DA:859,0
DA:866,0
DA:867,0
DA:868,0
DA:869,0
DA:871,0
DA:873,0
DA:876,0
DA:877,0
DA:879,0
DA:880,0
DA:881,0
DA:882,0
DA:883,0
DA:885,0
DA:886,0
DA:894,0
DA:895,0
DA:898,0
DA:899,0
DA:900,0
DA:901,0
DA:902,0
DA:903,0
DA:912,0
DA:914,0
DA:917,0
DA:920,0
DA:921,0
DA:929,0
DA:930,0
DA:938,0
DA:939,0
DA:947,0
DA:948,0
DA:949,0
DA:953,0
DA:954,0
DA:955,0
DA:963,0
DA:964,0
DA:965,0
DA:968,0
DA:969,0
DA:977,0
DA:980,0
DA:981,0
DA:982,0
DA:984,0
DA:989,0
DA:996,0
DA:997,0
DA:998,0
DA:1001,0
DA:1002,0
DA:1003,0
DA:1005,0
DA:1012,0
DA:1014,0
DA:1023,0
DA:1025,0
DA:1026,0
DA:1027,0
DA:1029,0
DA:1036,0
DA:1037,0
DA:1038,0
DA:1043,0
DA:1050,0
DA:1051,0
DA:1052,0
DA:1055,0
DA:1056,0
DA:1057,0
DA:1060,0
DA:1070,0
DA:1071,0
DA:1074,0
DA:1078,0
DA:1081,0
DA:1082,0
DA:1083,0
DA:1084,0
DA:1085,0
DA:1086,0
DA:1088,0
DA:1090,0
DA:1091,0
DA:1100,0
DA:1101,0
DA:1109,0
DA:1110,0
DA:1111,0
DA:1112,0
DA:1114,0
DA:1115,0
DA:1116,0
DA:1118,0
DA:1119,0
DA:1124,0
DA:1125,0
DA:1134,0
DA:1144,0
DA:1145,0
DA:1148,0
DA:1149,0
DA:1152,0
DA:1153,0
DA:1156,0
DA:1157,0
DA:1160,0
DA:1161,0
DA:1162,0
DA:1163,0
DA:1165,0
DA:1169,0
DA:1170,0
DA:1173,0
DA:1174,0
DA:1182,0
DA:1183,0
DA:1186,0
DA:1187,0
DA:1192,0
DA:1193,0
DA:1201,0
DA:1202,0
DA:1207,0
DA:1208,0
DA:1216,0
DA:1217,0
DA:1222,0
DA:1223,0
DA:1230,0
DA:1237,0
DA:1239,0
DA:1240,0
DA:1244,0
DA:1245,0
DA:1246,0
DA:1248,0
DA:1253,0
DA:1254,0
LF:474
LH:0
BRDA:204,0,0,0
BRDA:204,0,1,0
BRDA:233,1,0,0
BRDA:233,1,1,0
BRDA:280,2,0,0
BRDA:280,2,1,0
BRDA:283,3,0,0
BRDA:283,3,1,0
BRDA:283,4,0,0
BRDA:283,4,1,0
BRDA:295,5,0,0
BRDA:295,5,1,0
BRDA:303,6,0,0
BRDA:303,6,1,0
BRDA:322,7,0,0
BRDA:322,7,1,0
BRDA:359,8,0,0
BRDA:359,8,1,0
BRDA:379,9,0,0
BRDA:379,9,1,0
BRDA:401,10,0,0
BRDA:401,10,1,0
BRDA:413,11,0,0
BRDA:413,11,1,0
BRDA:444,12,0,0
BRDA:444,12,1,0
BRDA:457,13,0,0
BRDA:457,13,1,0
BRDA:473,14,0,0
BRDA:473,14,1,0
BRDA:483,15,0,0
BRDA:483,15,1,0
BRDA:507,16,0,0
BRDA:507,16,1,0
BRDA:507,17,0,0
BRDA:507,17,1,0
BRDA:512,18,0,0
BRDA:512,18,1,0
BRDA:512,19,0,0
BRDA:512,19,1,0
BRDA:527,20,0,0
BRDA:527,20,1,0
BRDA:528,21,0,0
BRDA:528,21,1,0
BRDA:535,22,0,0
BRDA:535,22,1,0
BRDA:538,23,0,0
BRDA:538,23,1,0
BRDA:551,24,0,0
BRDA:551,24,1,0
BRDA:552,25,0,0
BRDA:552,25,1,0
BRDA:564,26,0,0
BRDA:564,26,1,0
BRDA:565,27,0,0
BRDA:565,27,1,0
BRDA:575,28,0,0
BRDA:575,28,1,0
BRDA:588,29,0,0
BRDA:588,29,1,0
BRDA:588,30,0,0
BRDA:588,30,1,0
BRDA:592,31,0,0
BRDA:592,31,1,0
BRDA:597,32,0,0
BRDA:597,32,1,0
BRDA:611,33,0,0
BRDA:611,33,1,0
BRDA:614,34,0,0
BRDA:614,34,1,0
BRDA:614,35,0,0
BRDA:614,35,1,0
BRDA:614,35,2,0
BRDA:615,36,0,0
BRDA:615,36,1,0
BRDA:628,37,0,0
BRDA:628,37,1,0
BRDA:630,38,0,0
BRDA:630,38,1,0
BRDA:631,39,0,0
BRDA:631,39,1,0
BRDA:632,40,0,0
BRDA:632,40,1,0
BRDA:633,41,0,0
BRDA:633,41,1,0
BRDA:639,42,0,0
BRDA:639,42,1,0
BRDA:664,43,0,0
BRDA:664,43,1,0
BRDA:665,44,0,0
BRDA:665,44,1,0
BRDA:668,45,0,0
BRDA:668,45,1,0
BRDA:669,46,0,0
BRDA:669,46,1,0
BRDA:673,47,0,0
BRDA:673,47,1,0
BRDA:674,48,0,0
BRDA:674,48,1,0
BRDA:678,49,0,0
BRDA:678,49,1,0
BRDA:679,50,0,0
BRDA:679,50,1,0
BRDA:683,51,0,0
BRDA:683,51,1,0
BRDA:685,52,0,0
BRDA:685,52,1,0
BRDA:692,53,0,0
BRDA:692,53,1,0
BRDA:693,54,0,0
BRDA:693,54,1,0
BRDA:696,55,0,0
BRDA:696,55,1,0
BRDA:697,56,0,0
BRDA:697,56,1,0
BRDA:701,57,0,0
BRDA:701,57,1,0
BRDA:702,58,0,0
BRDA:702,58,1,0
BRDA:703,59,0,0
BRDA:703,59,1,0
BRDA:705,60,0,0
BRDA:705,60,1,0
BRDA:708,61,0,0
BRDA:708,61,1,0
BRDA:709,62,0,0
BRDA:709,62,1,0
BRDA:710,63,0,0
BRDA:710,63,1,0
BRDA:712,64,0,0
BRDA:712,64,1,0
BRDA:726,65,0,0
BRDA:726,65,1,0
BRDA:728,66,0,0
BRDA:728,66,1,0
BRDA:733,67,0,0
BRDA:733,67,1,0
BRDA:735,68,0,0
BRDA:735,68,1,0
BRDA:740,69,0,0
BRDA:740,69,1,0
BRDA:742,70,0,0
BRDA:742,70,1,0
BRDA:771,71,0,0
BRDA:771,71,1,0
BRDA:781,72,0,0
BRDA:781,72,1,0
BRDA:810,73,0,0
BRDA:810,73,1,0
BRDA:833,74,0,0
BRDA:833,74,1,0
BRDA:873,75,0,0
BRDA:873,75,1,0
BRDA:912,76,0,0
BRDA:912,76,1,0
BRDA:912,77,0,0
BRDA:912,77,1,0
BRDA:920,78,0,0
BRDA:920,78,1,0
BRDA:929,79,0,0
BRDA:929,79,1,0
BRDA:938,80,0,0
BRDA:938,80,1,0
BRDA:947,81,0,0
BRDA:947,81,1,0
BRDA:947,82,0,0
BRDA:947,82,1,0
BRDA:953,83,0,0
BRDA:953,83,1,0
BRDA:953,84,0,0
BRDA:953,84,1,0
BRDA:962,85,0,0
BRDA:981,86,0,0
BRDA:981,86,1,0
BRDA:996,87,0,0
BRDA:996,87,1,0
BRDA:996,88,0,0
BRDA:996,88,1,0
BRDA:1026,89,0,0
BRDA:1026,89,1,0
BRDA:1037,90,0,0
BRDA:1037,90,1,0
BRDA:1050,91,0,0
BRDA:1050,91,1,0
BRDA:1070,92,0,0
BRDA:1070,92,1,0
BRDA:1110,93,0,0
BRDA:1110,93,1,0
BRDA:1110,94,0,0
BRDA:1110,94,1,0
BRDA:1112,95,0,0
BRDA:1112,95,1,0
BRDA:1124,96,0,0
BRDA:1124,96,1,0
BRDA:1144,97,0,0
BRDA:1144,97,1,0
BRDA:1148,98,0,0
BRDA:1148,98,1,0
BRDA:1152,99,0,0
BRDA:1152,99,1,0
BRDA:1156,100,0,0
BRDA:1156,100,1,0
BRDA:1160,101,0,0
BRDA:1160,101,1,0
BRDA:1162,102,0,0
BRDA:1162,102,1,0
BRDA:1169,103,0,0
BRDA:1169,103,1,0
BRDA:1173,104,0,0
BRDA:1173,104,1,0
BRDA:1186,105,0,0
BRDA:1186,105,1,0
BRDA:1192,106,0,0
BRDA:1192,106,1,0
BRDA:1201,107,0,0
BRDA:1201,107,1,0
BRDA:1207,108,0,0
BRDA:1207,108,1,0
BRDA:1216,109,0,0
BRDA:1216,109,1,0
BRDA:1222,110,0,0
BRDA:1222,110,1,0
BRDA:1239,111,0,0
BRDA:1239,111,1,0
BRDA:1244,112,0,0
BRDA:1244,112,1,0
BRDA:1244,113,0,0
BRDA:1244,113,1,0
BRF:228
BRH:0
end_of_record
TN:
SF:docs/js/optimization/metrics-db.js
FN:6,(anonymous_0)
FN:17,(anonymous_1)
FN:38,(anonymous_2)
FN:39,(anonymous_3)
FN:42,(anonymous_4)
FN:43,(anonymous_5)
FN:45,(anonymous_6)
FN:85,(anonymous_7)
FN:99,(anonymous_8)
FN:109,(anonymous_9)
FN:111,(anonymous_10)
FN:118,(anonymous_11)
FN:126,(anonymous_12)
FN:135,(anonymous_13)
FN:143,(anonymous_14)
FN:144,(anonymous_15)
FN:163,(anonymous_16)
FN:168,(anonymous_17)
FN:183,(anonymous_18)
FN:209,(anonymous_19)
FN:210,(anonymous_20)
FN:210,(anonymous_21)
FN:211,(anonymous_22)
FN:211,(anonymous_23)
FN:212,(anonymous_24)
FN:212,(anonymous_25)
FN:213,(anonymous_26)
FN:213,(anonymous_27)
FN:214,(anonymous_28)
FN:214,(anonymous_29)
FN:229,(anonymous_30)
FN:232,(anonymous_31)
FN:233,(anonymous_32)
FN:249,(anonymous_33)
FN:250,(anonymous_34)
FN:251,(anonymous_35)
FN:258,(anonymous_36)
FN:261,(anonymous_37)
FN:268,(anonymous_38)
FN:269,(anonymous_39)
FN:281,(anonymous_40)
FN:289,(anonymous_41)
FN:290,(anonymous_42)
FN:296,(anonymous_43)
FN:297,(anonymous_44)
FN:310,(anonymous_45)
FN:318,(anonymous_46)
FN:323,(anonymous_47)
FN:330,(anonymous_48)
FN:333,(anonymous_49)
FN:337,(anonymous_50)
FN:359,(anonymous_51)
FN:364,(anonymous_52)
FN:372,(anonymous_53)
FN:377,(anonymous_54)
FN:382,(anonymous_55)
FN:384,(anonymous_56)
FN:396,(anonymous_57)
FN:410,(anonymous_58)
FN:414,(anonymous_59)
FN:420,(anonymous_60)
FN:421,(anonymous_61)
FN:423,(anonymous_62)
FN:424,(anonymous_63)
FN:428,(anonymous_64)
FN:429,(anonymous_65)
FN:431,(anonymous_66)
FN:432,(anonymous_67)
FN:436,(anonymous_68)
FN:437,(anonymous_69)
FN:439,(anonymous_70)
FN:448,(anonymous_71)
FN:455,(anonymous_72)
FNF:73
FNH:0
FNDA:0,(anonymous_0)
FNDA:0,(anonymous_1)
FNDA:0,(anonymous_2)
FNDA:0,(anonymous_3)
FNDA:0,(anonymous_4)
FNDA:0,(anonymous_5)
FNDA:0,(anonymous_6)
FNDA:0,(anonymous_7)
FNDA:0,(anonymous_8)
FNDA:0,(anonymous_9)
FNDA:0,(anonymous_10)
FNDA:0,(anonymous_11)
FNDA:0,(anonymous_12)
FNDA:0,(anonymous_13)
FNDA:0,(anonymous_14)
FNDA:0,(anonymous_15)
FNDA:0,(anonymous_16)
FNDA:0,(anonymous_17)
FNDA:0,(anonymous_18)
FNDA:0,(anonymous_19)
FNDA:0,(anonymous_20)
FNDA:0,(anonymous_21)
FNDA:0,(anonymous_22)
FNDA:0,(anonymous_23)
FNDA:0,(anonymous_24)
FNDA:0,(anonymous_25)
FNDA:0,(anonymous_26)
FNDA:0,(anonymous_27)
FNDA:0,(anonymous_28)
FNDA:0,(anonymous_29)
FNDA:0,(anonymous_30)
FNDA:0,(anonymous_31)
FNDA:0,(anonymous_32)
FNDA:0,(anonymous_33)
FNDA:0,(anonymous_34)
FNDA:0,(anonymous_35)
FNDA:0,(anonymous_36)
FNDA:0,(anonymous_37)
FNDA:0,(anonymous_38)
FNDA:0,(anonymous_39)
FNDA:0,(anonymous_40)
FNDA:0,(anonymous_41)
FNDA:0,(anonymous_42)
FNDA:0,(anonymous_43)
FNDA:0,(anonymous_44)
FNDA:0,(anonymous_45)
FNDA:0,(anonymous_46)
FNDA:0,(anonymous_47)
FNDA:0,(anonymous_48)
FNDA:0,(anonymous_49)
FNDA:0,(anonymous_50)
FNDA:0,(anonymous_51)
FNDA:0,(anonymous_52)
FNDA:0,(anonymous_53)
FNDA:0,(anonymous_54)
FNDA:0,(anonymous_55)
FNDA:0,(anonymous_56)
FNDA:0,(anonymous_57)
FNDA:0,(anonymous_58)
FNDA:0,(anonymous_59)
FNDA:0,(anonymous_60)
FNDA:0,(anonymous_61)
FNDA:0,(anonymous_62)
FNDA:0,(anonymous_63)
FNDA:0,(anonymous_64)
FNDA:0,(anonymous_65)
FNDA:0,(anonymous_66)
FNDA:0,(anonymous_67)
FNDA:0,(anonymous_68)
FNDA:0,(anonymous_69)
FNDA:0,(anonymous_70)
FNDA:0,(anonymous_71)
FNDA:0,(anonymous_72)
DA:7,0
DA:8,0
DA:9,0
DA:10,0
DA:11,0
DA:18,0
DA:20,0
DA:21,0
DA:22,0
DA:25,0
DA:28,0
DA:30,0
DA:31,0
DA:39,0
DA:40,0
DA:42,0
DA:43,0
DA:45,0
DA:46,0
DA:49,0
DA:50,0
DA:53,0
DA:54,0
DA:58,0
DA:59,0
DA:63,0
DA:64,0
DA:65,0
DA:67,0
DA:71,0
DA:72,0
DA:75,0
DA:76,0
DA:86,0
DA:87,0
DA:99,0
DA:100,0
DA:103,0
DA:110,0
DA:111,0
DA:112,0
DA:115,0
DA:118,0
DA:126,0
DA:133,0
DA:135,0
DA:143,0
DA:144,0
DA:145,0
DA:150,0
DA:154,0
DA:157,0
DA:164,0
DA:165,0
DA:168,0
DA:169,0
DA:170,0
DA:172,0
DA:173,0
DA:179,0
DA:183,0
DA:184,0
DA:185,0
DA:186,0
DA:190,0
DA:197,0
DA:198,0
DA:200,0
DA:210,0
DA:211,0
DA:212,0
DA:213,0
DA:214,0
DA:216,0
DA:230,0
DA:232,0
DA:233,0
DA:235,0
DA:250,0
DA:251,0
DA:252,0
DA:259,0
DA:261,0
DA:262,0
DA:263,0
DA:265,0
DA:266,0
DA:268,0
DA:269,0
DA:270,0
DA:271,0
DA:272,0
DA:273,0
DA:274,0
DA:276,0
DA:278,0
DA:281,0
DA:290,0
DA:291,0
DA:292,0
DA:294,0
DA:296,0
DA:297,0
DA:298,0
DA:299,0
DA:300,0
DA:301,0
DA:303,0
DA:305,0
DA:307,0
DA:310,0
DA:319,0
DA:320,0
DA:323,0
DA:324,0
DA:325,0
DA:326,0
DA:329,0
DA:330,0
DA:333,0
DA:334,0
DA:337,0
DA:340,0
DA:341,0
DA:342,0
DA:343,0
DA:347,0
DA:348,0
DA:349,0
DA:350,0
DA:361,0
DA:364,0
DA:365,0
DA:373,0
DA:375,0
DA:376,0
DA:377,0
DA:380,0
DA:381,0
DA:382,0
DA:383,0
DA:384,0
DA:386,0
DA:388,0
DA:389,0
DA:397,0
DA:398,0
DA:399,0
DA:400,0
DA:402,0
DA:411,0
DA:415,0
DA:416,0
DA:417,0
DA:421,0
DA:422,0
DA:423,0
DA:424,0
DA:429,0
DA:430,0
DA:431,0
DA:432,0
DA:437,0
DA:438,0
DA:439,0
DA:440,0
DA:441,0
DA:442,0
DA:443,0
DA:445,0
DA:448,0
DA:456,0
DA:457,0
DA:458,0
DA:459,0
LF:175
LH:0
BRDA:18,0,0,0
BRDA:18,0,1,0
BRDA:49,1,0,0
BRDA:49,1,1,0
BRDA:58,2,0,0
BRDA:58,2,1,0
BRDA:71,3,0,0
BRDA:71,3,1,0
BRDA:85,4,0,0
BRDA:91,5,0,0
BRDA:91,5,1,0
BRDA:92,6,0,0
BRDA:92,6,1,0
BRDA:93,7,0,0
BRDA:93,7,1,0
BRDA:94,8,0,0
BRDA:94,8,1,0
BRDA:94,9,0,0
BRDA:94,9,1,0
BRDA:95,10,0,0
BRDA:95,10,1,0
BRDA:95,11,0,0
BRDA:95,11,1,0
BRDA:110,12,0,0
BRDA:110,12,1,0
BRDA:172,13,0,0
BRDA:172,13,1,0
BRDA:187,14,0,0
BRDA:187,14,1,0
BRDA:197,15,0,0
BRDA:197,15,1,0
BRDA:230,16,0,0
BRDA:230,16,1,0
BRDA:258,17,0,0
BRDA:259,18,0,0
BRDA:271,19,0,0
BRDA:271,19,1,0
BRDA:271,20,0,0
BRDA:271,20,1,0
BRDA:273,21,0,0
BRDA:273,21,1,0
BRDA:273,22,0,0
BRDA:273,22,1,0
BRDA:299,23,0,0
BRDA:299,23,1,0
BRDA:301,24,0,0
BRDA:301,24,1,0
BRDA:301,25,0,0
BRDA:301,25,1,0
BRDA:301,25,2,0
BRDA:301,25,3,0
BRDA:329,26,0,0
BRDA:329,26,1,0
BRDA:373,27,0,0
BRDA:373,27,1,0
BRDA:376,28,0,0
BRDA:376,28,1,0
BRDA:415,29,0,0
BRDA:415,29,1,0
BRDA:416,30,0,0
BRDA:416,30,1,0
BRDA:430,31,0,0
BRDA:430,31,1,0
BRDA:441,32,0,0
BRDA:441,32,1,0
BRDA:456,33,0,0
BRDA:456,33,1,0
BRF:67
BRH:0
end_of_record
TN:
SF:docs/js/optimization/metrics-worker.js
FN:24,(anonymous_0)
FN:75,handleInit
FN:102,handleCreateSession
FN:122,handleAddMetrics
FN:158,preprocessMetrics
FN:159,(anonymous_5)
FN:184,scheduleSave
FN:189,(anonymous_7)
FN:198,saveBatch
FN:238,handleFlush
FN:259,handleQuery
FN:284,handleGetAggregates
FN:302,handleClose
FN:330,compressMetrics
FN:335,(anonymous_14)
FN:353,decompressMetrics
FN:356,(anonymous_16)
FN:385,(anonymous_17)
FN:398,(anonymous_18)
FNF:19
FNH:0
FNDA:0,(anonymous_0)
FNDA:0,handleInit
FNDA:0,handleCreateSession
FNDA:0,handleAddMetrics
FNDA:0,preprocessMetrics
FNDA:0,(anonymous_5)
FNDA:0,scheduleSave
FNDA:0,(anonymous_7)
FNDA:0,saveBatch
FNDA:0,handleFlush
FNDA:0,handleQuery
FNDA:0,handleGetAggregates
FNDA:0,handleClose
FNDA:0,compressMetrics
FNDA:0,(anonymous_14)
FNDA:0,decompressMetrics
FNDA:0,(anonymous_16)
FNDA:0,(anonymous_17)
FNDA:0,(anonymous_18)
DA:10,0
DA:11,0
DA:14,0
DA:24,0
DA:25,0
DA:27,0
DA:28,0
DA:30,0
DA:31,0
DA:34,0
DA:35,0
DA:38,0
DA:39,0
DA:42,0
DA:43,0
DA:46,0
DA:47,0
DA:50,0
DA:51,0
DA:54,0
DA:55,0
DA:58,0
DA:61,0
DA:76,0
DA:78,0
DA:79,0
DA:82,0
DA:83,0
DA:85,0
DA:91,0
DA:103,0
DA:105,0
DA:106,0
DA:107,0
DA:109,0
DA:110,0
DA:112,0
DA:123,0
DA:124,0
DA:125,0
DA:129,0
DA:132,0
DA:135,0
DA:136,0
DA:137,0
DA:138,0
DA:142,0
DA:143,0
DA:144,0
DA:148,0
DA:159,0
DA:161,0
DA:168,0
DA:169,0
DA:173,0
DA:174,0
DA:177,0
DA:185,0
DA:186,0
DA:189,0
DA:190,0
DA:191,0
DA:199,0
DA:200,0
DA:203,0
DA:205,0
DA:207,0
DA:211,0
DA:213,0
DA:220,0
DA:221,0
DA:224,0
DA:227,0
DA:230,0
DA:231,0
DA:239,0
DA:240,0
DA:241,0
DA:245,0
DA:246,0
DA:249,0
DA:260,0
DA:263,0
DA:264,0
DA:265,0
DA:267,0
DA:270,0
DA:274,0
DA:285,0
DA:288,0
DA:289,0
DA:290,0
DA:292,0
DA:304,0
DA:305,0
DA:306,0
DA:310,0
DA:311,0
DA:315,0
DA:316,0
DA:317,0
DA:320,0
DA:333,0
DA:335,0
DA:336,0
DA:337,0
DA:343,0
DA:344,0
DA:347,0
DA:354,0
DA:356,0
DA:357,0
DA:359,0
DA:360,0
DA:367,0
DA:368,0
DA:371,0
DA:375,0
DA:379,0
DA:385,0
DA:386,0
DA:387,0
DA:398,0
DA:399,0
DA:400,0
LF:125
LH:0
BRDA:28,0,0,0
BRDA:28,0,1,0
BRDA:28,0,2,0
BRDA:28,0,3,0
BRDA:28,0,4,0
BRDA:28,0,5,0
BRDA:28,0,6,0
BRDA:28,0,7,0
BRDA:103,1,0,0
BRDA:103,1,1,0
BRDA:123,2,0,0
BRDA:123,2,1,0
BRDA:135,3,0,0
BRDA:135,3,1,0
BRDA:137,4,0,0
BRDA:137,4,1,0
BRDA:142,5,0,0
BRDA:142,5,1,0
BRDA:164,6,0,0
BRDA:164,6,1,0
BRDA:168,7,0,0
BRDA:168,7,1,0
BRDA:173,8,0,0
BRDA:173,8,1,0
BRDA:185,9,0,0
BRDA:185,9,1,0
BRDA:199,10,0,0
BRDA:199,10,1,0
BRDA:199,11,0,0
BRDA:199,11,1,0
BRDA:199,11,2,0
BRDA:207,12,0,0
BRDA:207,12,1,0
BRDA:220,13,0,0
BRDA:220,13,1,0
BRDA:239,14,0,0
BRDA:239,14,1,0
BRDA:260,15,0,0
BRDA:260,15,1,0
BRDA:263,16,0,0
BRDA:263,16,1,0
BRDA:270,17,0,0
BRDA:270,17,1,0
BRDA:285,18,0,0
BRDA:285,18,1,0
BRDA:288,19,0,0
BRDA:288,19,1,0
BRDA:304,20,0,0
BRDA:304,20,1,0
BRDA:315,21,0,0
BRDA:315,21,1,0
BRDA:336,22,0,0
BRDA:336,22,1,0
BRDA:353,23,0,0
BRDA:357,24,0,0
BRDA:357,24,1,0
BRDA:357,25,0,0
BRDA:357,25,1,0
BRDA:367,26,0,0
BRDA:367,26,1,0
BRDA:403,27,0,0
BRDA:403,27,1,0
BRF:62
BRH:0
end_of_record
TN:
SF:docs/js/optimization/performance-benchmark.js
FN:10,(anonymous_0)
FN:40,(anonymous_1)
FN:73,(anonymous_2)
FN:86,(anonymous_3)
FN:144,(anonymous_4)
FN:202,(anonymous_5)
FN:209,(anonymous_6)
FN:241,(anonymous_7)
FN:242,(anonymous_8)
FN:257,(anonymous_9)
FN:269,(anonymous_10)
FN:270,(anonymous_11)
FN:285,(anonymous_12)
FN:288,(anonymous_13)
FN:306,(anonymous_14)
FN:309,(anonymous_15)
FN:327,(anonymous_16)
FN:328,(anonymous_17)
FN:344,(anonymous_18)
FN:347,(anonymous_19)
FN:354,(anonymous_20)
FN:371,(anonymous_21)
FN:372,(anonymous_22)
FN:390,(anonymous_23)
FN:391,(anonymous_24)
FN:423,(anonymous_25)
FN:456,(anonymous_26)
FN:462,(anonymous_27)
FN:489,(anonymous_28)
FN:506,(anonymous_29)
FN:507,(anonymous_30)
FN:513,(anonymous_31)
FN:514,(anonymous_32)
FN:520,(anonymous_33)
FNF:34
FNH:0
FNDA:0,(anonymous_0)
FNDA:0,(anonymous_1)
FNDA:0,(anonymous_2)
FNDA:0,(anonymous_3)
FNDA:0,(anonymous_4)
FNDA:0,(anonymous_5)
FNDA:0,(anonymous_6)
FNDA:0,(anonymous_7)
FNDA:0,(anonymous_8)
FNDA:0,(anonymous_9)
FNDA:0,(anonymous_10)
FNDA:0,(anonymous_11)
FNDA:0,(anonymous_12)
FNDA:0,(anonymous_13)
FNDA:0,(anonymous_14)
FNDA:0,(anonymous_15)
FNDA:0,(anonymous_16)
FNDA:0,(anonymous_17)
FNDA:0,(anonymous_18)
FNDA:0,(anonymous_19)
FNDA:0,(anonymous_20)
FNDA:0,(anonymous_21)
FNDA:0,(anonymous_22)
FNDA:0,(anonymous_23)
FNDA:0,(anonymous_24)
FNDA:0,(anonymous_25)
FNDA:0,(anonymous_26)
FNDA:0,(anonymous_27)
FNDA:0,(anonymous_28)
FNDA:0,(anonymous_29)
FNDA:0,(anonymous_30)
FNDA:0,(anonymous_31)
FNDA:0,(anonymous_32)
FNDA:0,(anonymous_33)
DA:11,0
DA:19,0
DA:41,0
DA:42,0
DA:45,0
DA:46,0
DA:49,0
DA:50,0
DA:53,0
DA:54,0
DA:55,0
DA:59,0
DA:60,0
DA:64,0
DA:65,0
DA:67,0
DA:74,0
DA:87,0
DA:89,0
DA:90,0
DA:99,0
DA:101,0
DA:102,0
DA:105,0
DA:106,0
DA:109,0
DA:112,0
DA:113,0
DA:115,0
DA:116,0
DA:121,0
DA:124,0
DA:127,0
DA:130,0
DA:131,0
DA:137,0
DA:145,0
DA:147,0
DA:148,0
DA:157,0
DA:159,0
DA:160,0
DA:163,0
DA:164,0
DA:167,0
DA:170,0
DA:171,0
DA:173,0
DA:174,0
DA:179,0
DA:182,0
DA:185,0
DA:188,0
DA:189,0
DA:195,0
[...]
DA:260,0
DA:261,0
DA:266,0
DA:267,0
DA:268,0
DA:272,0
DA:273,0
DA:274,0
DA:278,0
DA:279,0
DA:280,0
DA:286,0
DA:290,0
DA:294,0
DA:302,0
DA:303,0
DA:304,0
DA:307,0
DA:318,0
DA:322,0
DA:323,0
DA:328,0
DA:332,0
DA:336,0
DA:340,0
DA:344,0
DA:348,0
DA:349,0
DA:350,0
DA:351,0
DA:355,0
DA:360,0
DA:365,0
DA:366,0
DA:371,0
LF:57
LH:0
BRDA:64,0,0,0
BRDA:64,0,1,0
BRDA:260,1,0,0
BRDA:260,1,1,0
BRDA:267,2,0,0
BRDA:267,2,1,0
BRDA:273,3,0,0
BRDA:273,3,1,0
BRDA:279,4,0,0
BRDA:279,4,1,0
BRDA:302,5,0,0
BRDA:302,5,1,0
BRDA:302,6,0,0
BRDA:302,6,1,0
BRDA:309,7,0,0
BRDA:309,7,1,0
BRDA:309,8,0,0
BRDA:309,8,1,0
BRDA:348,9,0,0
BRDA:348,9,1,0
BRDA:360,10,0,0
BRDA:360,10,1,0
BRDA:366,11,0,0
BRDA:366,11,1,0
BRF:24
BRH:0
end_of_record
TN:
SF:docs/js/ranking/ranking.js
FN:5,(anonymous_0)
FNF:1
FNH:0
FNDA:0,(anonymous_0)
DA:5,0
DA:6,0
DA:10,0
DA:12,0
DA:13,0
DA:14,0
DA:15,0
DA:17,0
DA:20,0
LF:9
LH:0
BRDA:6,0,0,0
BRDA:6,0,1,0
BRDA:6,1,0,0
BRDA:6,1,1,0
BRDA:6,1,2,0
BRF:5
BRH:0
end_of_record
TN:
SF:docs/js/security/csp-reporter.js
FN:6,(anonymous_0)
FN:10,(anonymous_1)
FN:37,showCSPViolationNotification
FN:64,(anonymous_3)
FN:66,(anonymous_4)
FN:71,(anonymous_5)
FN:79,(anonymous_6)
FN:80,(anonymous_7)
FNF:8
FNH:0
FNDA:0,(anonymous_0)
FNDA:0,(anonymous_1)
FNDA:0,showCSPViolationNotification
FNDA:0,(anonymous_3)
FNDA:0,(anonymous_4)
FNDA:0,(anonymous_5)
FNDA:0,(anonymous_6)
FNDA:0,(anonymous_7)
DA:6,0
DA:10,0
DA:11,0
DA:12,0
DA:13,0
DA:14,0
DA:15,0
DA:16,0
DA:17,0
DA:18,0
DA:21,0
DA:22,0
DA:25,0
DA:26,0
DA:29,0
DA:30,0
DA:38,0
DA:39,0
DA:55,0
DA:61,0
DA:64,0
DA:65,0
DA:66,0
DA:71,0
DA:72,0
DA:73,0
DA:74,0
DA:77,0
DA:78,0
DA:79,0
DA:81,0
DA:82,0
DA:84,0
DA:88,0
DA:89,0
DA:111,0
DA:113,0
LF:37
LH:0
BRDA:21,0,0,0
BRDA:21,0,1,0
BRDA:26,1,0,0
BRDA:26,1,1,0
BRDA:29,2,0,0
BRDA:29,2,1,0
BRDA:29,3,0,0
BRDA:29,3,1,0
BRDA:72,4,0,0
BRDA:72,4,1,0
BRDA:72,5,0,0
BRDA:72,5,1,0
BRF:12
BRH:0
end_of_record
TN:
SF:docs/js/test/websocket-test-client.js
FN:12,(anonymous_0)
FN:23,(anonymous_1)
FN:67,(anonymous_2)
FN:79,(anonymous_3)
FN:96,(anonymous_4)
FN:103,(anonymous_5)
FN:113,(anonymous_6)
FN:122,(anonymous_7)
FN:132,(anonymous_8)
FN:144,(anonymous_9)
FN:150,(anonymous_10)
FN:159,(anonymous_11)
FN:172,(anonymous_12)
FN:199,(anonymous_13)
FN:203,(anonymous_14)
FN:210,(anonymous_15)
FN:215,(anonymous_16)
FN:236,(anonymous_17)
FN:253,(anonymous_18)
FN:259,(anonymous_19)
FN:266,(anonymous_20)
FNF:21
FNH:0
FNDA:0,(anonymous_0)
FNDA:0,(anonymous_1)
FNDA:0,(anonymous_2)
FNDA:0,(anonymous_3)
FNDA:0,(anonymous_4)
FNDA:0,(anonymous_5)
FNDA:0,(anonymous_6)
FNDA:0,(anonymous_7)
FNDA:0,(anonymous_8)
FNDA:0,(anonymous_9)
FNDA:0,(anonymous_10)
FNDA:0,(anonymous_11)
FNDA:0,(anonymous_12)
FNDA:0,(anonymous_13)
FNDA:0,(anonymous_14)
FNDA:0,(anonymous_15)
FNDA:0,(anonymous_16)
FNDA:0,(anonymous_17)
FNDA:0,(anonymous_18)
FNDA:0,(anonymous_19)
FNDA:0,(anonymous_20)
DA:13,0
DA:14,0
DA:15,0
DA:16,0
DA:17,0
DA:19,0
DA:20,0
DA:25,0
DA:26,0
DA:27,0
DA:40,0
DA:43,0
DA:44,0
DA:45,0
DA:61,0
DA:63,0
DA:64,0
DA:68,0
DA:69,0
DA:70,0
DA:80,0
DA:81,0
DA:82,0
DA:83,0
DA:90,0
DA:91,0
DA:93,0
DA:97,0
DA:98,0
DA:99,0
DA:101,0
DA:103,0
DA:104,0
DA:105,0
DA:106,0
DA:107,0
DA:110,0
DA:113,0
DA:114,0
DA:115,0
DA:116,0
DA:118,0
DA:122,0
DA:123,0
DA:124,0
DA:125,0
DA:126,0
DA:129,0
DA:132,0
DA:133,0
DA:134,0
DA:138,0
DA:139,0
DA:140,0
DA:145,0
DA:146,0
DA:147,0
DA:148,0
DA:150,0
DA:151,0
DA:154,0
DA:155,0
DA:160,0
DA:161,0
DA:167,0
DA:168,0
DA:173,0
DA:175,0
DA:177,0
DA:179,0
DA:180,0
DA:183,0
DA:184,0
DA:187,0
DA:188,0
DA:191,0
DA:192,0
DA:195,0
DA:200,0
DA:205,0
DA:206,0
DA:211,0
DA:216,0
DA:217,0
DA:231,0
DA:232,0
DA:237,0
DA:238,0
DA:246,0
DA:247,0
DA:253,0
DA:254,0
DA:255,0
DA:259,0
DA:260,0
DA:261,0
DA:266,0
DA:267,0
DA:270,0
DA:271,0
DA:281,0
DA:287,0
DA:290,0
LF:103
LH:0
BRDA:67,0,0,0
BRDA:69,1,0,0
BRDA:69,1,1,0
BRDA:79,2,0,0
BRDA:81,3,0,0
BRDA:81,3,1,0
BRDA:83,4,0,0
BRDA:83,4,1,0
BRDA:124,5,0,0
BRDA:124,5,1,0
BRDA:133,6,0,0
BRDA:133,6,1,0
BRDA:145,7,0,0
BRDA:145,7,1,0
BRDA:160,8,0,0
BRDA:160,8,1,0
BRDA:160,9,0,0
BRDA:160,9,1,0
BRDA:177,10,0,0
BRDA:177,10,1,0
BRDA:177,10,2,0
BRDA:177,10,3,0
BRDA:177,10,4,0
BRDA:205,11,0,0
BRDA:205,11,1,0
BRDA:216,12,0,0
BRDA:216,12,1,0
BRDA:216,13,0,0
BRDA:216,13,1,0
BRDA:237,14,0,0
BRDA:237,14,1,0
BRDA:237,15,0,0
BRDA:237,15,1,0
BRDA:254,16,0,0
BRDA:254,16,1,0
BRDA:260,17,0,0
BRDA:260,17,1,0
BRF:37
BRH:0
end_of_record
TN:
SF:docs/js/ui/beta-test.js
FN:9,(anonymous_0)
FN:46,(anonymous_1)
FN:70,(anonymous_2)
FN:88,(anonymous_3)
FN:163,(anonymous_4)
FN:205,(anonymous_5)
FN:213,(anonymous_6)
FN:223,(anonymous_7)
FN:240,(anonymous_8)
FN:261,(anonymous_9)
FN:266,(anonymous_10)
FN:271,(anonymous_11)
FN:279,(anonymous_12)
FN:301,(anonymous_13)
FN:315,(anonymous_14)
FN:326,(anonymous_15)
FN:393,(anonymous_16)
FN:402,(anonymous_17)
FN:453,(anonymous_18)
FN:469,(anonymous_19)
FN:489,(anonymous_20)
FN:502,(anonymous_21)
FN:515,(anonymous_22)
FN:525,(anonymous_23)
FN:544,(anonymous_24)
FN:546,(anonymous_25)
FN:553,(anonymous_26)
FN:578,(anonymous_27)
FN:606,(anonymous_28)
FN:624,(anonymous_29)
FN:633,(anonymous_30)
FN:685,(anonymous_31)
FN:716,(anonymous_32)
FN:717,(anonymous_33)
FN:738,(anonymous_34)
FN:765,(anonymous_35)
FN:773,(anonymous_36)
FN:787,(anonymous_37)
FN:828,(anonymous_38)
FN:839,(anonymous_39)
FN:853,(anonymous_40)
FN:876,(anonymous_41)
FN:898,(anonymous_42)
FN:910,(anonymous_43)
FN:914,(anonymous_44)
FN:922,(anonymous_45)
FNF:46
FNH:0
FNDA:0,(anonymous_0)
FNDA:0,(anonymous_1)
FNDA:0,(anonymous_2)
FNDA:0,(anonymous_3)
FNDA:0,(anonymous_4)
FNDA:0,(anonymous_5)
FNDA:0,(anonymous_6)
FNDA:0,(anonymous_7)
FNDA:0,(anonymous_8)
FNDA:0,(anonymous_9)
FNDA:0,(anonymous_10)
FNDA:0,(anonymous_11)
FNDA:0,(anonymous_12)
FNDA:0,(anonymous_13)
FNDA:0,(anonymous_14)
FNDA:0,(anonymous_15)
FNDA:0,(anonymous_16)
FNDA:0,(anonymous_17)
FNDA:0,(anonymous_18)
FNDA:0,(anonymous_19)
FNDA:0,(anonymous_20)
FNDA:0,(anonymous_21)
FNDA:0,(anonymous_22)
FNDA:0,(anonymous_23)
FNDA:0,(anonymous_24)
FNDA:0,(anonymous_25)
FNDA:0,(anonymous_26)
FNDA:0,(anonymous_27)
FNDA:0,(anonymous_28)
FNDA:0,(anonymous_29)
FNDA:0,(anonymous_30)
FNDA:0,(anonymous_31)
FNDA:0,(anonymous_32)
FNDA:0,(anonymous_33)
FNDA:0,(anonymous_34)
FNDA:0,(anonymous_35)
FNDA:0,(anonymous_36)
FNDA:0,(anonymous_37)
FNDA:0,(anonymous_38)
FNDA:0,(anonymous_39)
FNDA:0,(anonymous_40)
FNDA:0,(anonymous_41)
FNDA:0,(anonymous_42)
FNDA:0,(anonymous_43)
FNDA:0,(anonymous_44)
FNDA:0,(anonymous_45)
DA:10,0
DA:11,0
DA:12,0
DA:13,0
DA:14,0
DA:23,0
DA:33,0
DA:40,0
DA:48,0
DA:51,0
DA:52,0
DA:53,0
DA:57,0
DA:58,0
DA:59,0
DA:60,0
DA:63,0
DA:64,0
DA:71,0
DA:72,0
DA:73,0
DA:74,0
DA:75,0
DA:78,0
DA:79,0
DA:80,0
DA:89,0
DA:90,0
DA:91,0
DA:94,0
DA:95,0
DA:96,0
DA:157,0
DA:164,0
DA:165,0
DA:166,0
DA:167,0
DA:170,0
DA:173,0
DA:176,0
DA:185,0
DA:186,0
DA:189,0
DA:190,0
DA:197,0
DA:198,0
DA:199,0
DA:206,0
DA:207,0
DA:214,0
DA:215,0
DA:216,0
DA:225,0
DA:228,0
DA:231,0
DA:234,0
DA:241,0
DA:242,0
DA:243,0
DA:244,0
DA:261,0
DA:262,0
DA:263,0
DA:266,0
DA:267,0
DA:268,0
DA:271,0
DA:273,0
DA:280,0
DA:281,0
DA:282,0
DA:287,0
DA:295,0
DA:302,0
DA:303,0
DA:304,0
DA:316,0
DA:327,0
DA:390,0
DA:393,0
DA:394,0
DA:395,0
DA:403,0
DA:418,0
DA:419,0
DA:420,0
DA:421,0
DA:426,0
DA:429,0
DA:430,0
DA:439,0
DA:440,0
DA:441,0
DA:443,0
DA:444,0
DA:447,0
DA:454,0
DA:455,0
DA:458,0
DA:459,0
DA:462,0
DA:463,0
DA:471,0
DA:479,0
DA:480,0
DA:483,0
DA:490,0
DA:504,0
DA:516,0
DA:517,0
DA:518,0
DA:526,0
DA:527,0
DA:540,0
DA:542,0
DA:544,0
DA:545,0
DA:546,0
DA:554,0
DA:555,0
DA:572,0
DA:580,0
DA:581,0
DA:585,0
DA:586,0
DA:591,0
DA:592,0
DA:597,0
DA:598,0
DA:599,0
DA:608,0
DA:609,0
DA:610,0
DA:624,0
DA:625,0
DA:627,0
DA:634,0
DA:635,0
DA:679,0
DA:686,0
DA:693,0
DA:696,0
DA:697,0
DA:704,0
DA:706,0
DA:709,0
DA:710,0
DA:717,0
DA:719,0
DA:721,0
DA:722,0
DA:723,0
DA:728,0
DA:729,0
DA:730,0
DA:739,0
DA:741,0
DA:742,0
DA:765,0
DA:773,0
DA:787,0
DA:822,0
DA:829,0
DA:830,0
DA:832,0
DA:833,0
DA:840,0
DA:847,0
DA:854,0
DA:855,0
DA:857,0
DA:864,0
DA:865,0
DA:866,0
DA:867,0
DA:868,0
DA:869,0
DA:870,0
DA:877,0
DA:879,0
DA:880,0
DA:888,0
DA:889,0
DA:892,0
DA:898,0
DA:899,0
DA:902,0
DA:903,0
DA:911,0
DA:912,0
DA:914,0
DA:924,0
DA:925,0
DA:926,0
DA:927,0
DA:934,0
DA:937,0
DA:938,0
DA:976,0
LF:199
LH:0
BRDA:52,0,0,0
BRDA:52,0,1,0
BRDA:57,1,0,0
BRDA:57,1,1,0
BRDA:72,2,0,0
BRDA:72,2,1,0
BRDA:78,3,0,0
BRDA:78,3,1,0
BRDA:78,4,0,0
BRDA:78,4,1,0
BRDA:89,5,0,0
BRDA:89,5,1,0
BRDA:165,6,0,0
BRDA:165,6,1,0
BRDA:178,7,0,0
BRDA:178,7,1,0
BRDA:189,8,0,0
BRDA:189,8,1,0
BRDA:215,9,0,0
BRDA:215,9,1,0
BRDA:418,10,0,0
BRDA:418,10,1,0
BRDA:420,11,0,0
BRDA:420,11,1,0
BRDA:429,12,0,0
BRDA:429,12,1,0
BRDA:454,13,0,0
BRDA:454,13,1,0
BRDA:458,14,0,0
BRDA:458,14,1,0
BRDA:479,15,0,0
BRDA:479,15,1,0
BRDA:495,16,0,0
BRDA:495,16,1,0
BRDA:496,17,0,0
BRDA:496,17,1,0
BRDA:505,18,0,0
BRDA:505,18,1,0
BRDA:506,19,0,0
BRDA:506,19,1,0
BRDA:507,20,0,0
BRDA:507,20,1,0
BRDA:517,21,0,0
BRDA:517,21,1,0
BRDA:580,22,0,0
BRDA:580,22,1,0
BRDA:580,23,0,0
BRDA:580,23,1,0
BRDA:585,24,0,0
BRDA:585,24,1,0
BRDA:591,25,0,0
BRDA:591,25,1,0
BRDA:591,26,0,0
BRDA:591,26,1,0
BRDA:597,27,0,0
BRDA:597,27,1,0
BRDA:696,28,0,0
BRDA:696,28,1,0
BRDA:704,29,0,0
BRDA:704,29,1,0
BRDA:719,30,0,0
BRDA:719,30,1,0
BRDA:719,31,0,0
BRDA:719,31,1,0
BRDA:719,31,2,0
BRDA:719,31,3,0
BRDA:721,32,0,0
BRDA:721,32,1,0
BRDA:728,33,0,0
BRDA:728,33,1,0
BRDA:728,34,0,0
BRDA:728,34,1,0
BRDA:728,34,2,0
BRDA:739,35,0,0
BRDA:739,35,1,0
BRDA:776,36,0,0
BRDA:776,36,1,0
BRDA:777,37,0,0
BRDA:777,37,1,0
BRDA:787,38,0,0
BRDA:787,38,1,0
BRDA:829,39,0,0
BRDA:829,39,1,0
BRDA:830,40,0,0
BRDA:830,40,1,0
BRDA:847,41,0,0
BRDA:847,41,1,0
BRDA:854,42,0,0
BRDA:854,42,1,0
BRDA:855,43,0,0
BRDA:855,43,1,0
BRDA:877,44,0,0
BRDA:877,44,1,0
BRDA:879,45,0,0
BRDA:879,45,1,0
BRDA:899,46,0,0
BRDA:899,46,1,0
BRDA:899,47,0,0
BRDA:899,47,1,0
BRDA:911,48,0,0
BRDA:911,48,1,0
BRDA:925,49,0,0
BRDA:925,49,1,0
BRF:103
BRH:0
end_of_record
TN:
SF:docs/js/ui/tutorial-system.js
FN:7,(anonymous_0)
FN:92,(anonymous_1)
FN:124,(anonymous_2)
FN:134,(anonymous_3)
FN:180,(anonymous_4)
FN:181,(anonymous_5)
FN:187,(anonymous_6)
FN:201,(anonymous_7)
FN:214,(anonymous_8)
FN:226,(anonymous_9)
FN:246,(anonymous_10)
FN:255,(anonymous_11)
FN:268,(anonymous_12)
FN:272,(anonymous_13)
FN:276,(anonymous_14)
FN:280,(anonymous_15)
FN:288,(anonymous_16)
FN:300,(anonymous_17)
FN:322,(anonymous_18)
FN:339,(anonymous_19)
FN:356,(anonymous_20)
FN:357,(anonymous_21)
FN:383,(anonymous_22)
FN:384,(anonymous_23)
FN:410,(anonymous_24)
FN:414,(anonymous_25)
FN:423,(anonymous_26)
FN:427,(anonymous_27)
FN:436,(anonymous_28)
FN:447,(anonymous_29)
FN:457,(anonymous_30)
FN:469,(anonymous_31)
FN:478,(anonymous_32)
FN:489,(anonymous_33)
FN:500,(anonymous_34)
FN:518,(anonymous_35)
FN:530,(anonymous_36)
FN:532,(anonymous_37)
FNF:38
FNH:0
FNDA:0,(anonymous_0)
FNDA:0,(anonymous_1)
FNDA:0,(anonymous_2)
FNDA:0,(anonymous_3)
FNDA:0,(anonymous_4)
FNDA:0,(anonymous_5)
FNDA:0,(anonymous_6)
FNDA:0,(anonymous_7)
FNDA:0,(anonymous_8)
FNDA:0,(anonymous_9)
FNDA:0,(anonymous_10)
FNDA:0,(anonymous_11)
FNDA:0,(anonymous_12)
FNDA:0,(anonymous_13)
FNDA:0,(anonymous_14)
FNDA:0,(anonymous_15)
FNDA:0,(anonymous_16)
FNDA:0,(anonymous_17)
FNDA:0,(anonymous_18)
FNDA:0,(anonymous_19)
FNDA:0,(anonymous_20)
FNDA:0,(anonymous_21)
FNDA:0,(anonymous_22)
FNDA:0,(anonymous_23)
FNDA:0,(anonymous_24)
FNDA:0,(anonymous_25)
FNDA:0,(anonymous_26)
FNDA:0,(anonymous_27)
FNDA:0,(anonymous_28)
FNDA:0,(anonymous_29)
FNDA:0,(anonymous_30)
FNDA:0,(anonymous_31)
FNDA:0,(anonymous_32)
FNDA:0,(anonymous_33)
FNDA:0,(anonymous_34)
FNDA:0,(anonymous_35)
FNDA:0,(anonymous_36)
FNDA:0,(anonymous_37)
DA:8,0
DA:9,0
DA:10,0
DA:11,0
DA:12,0
DA:13,0
DA:16,0
DA:81,0
DA:94,0
DA:95,0
DA:96,0
DA:99,0
DA:100,0
DA:101,0
DA:104,0
DA:105,0
DA:106,0
DA:110,0
DA:113,0
DA:116,0
DA:118,0
DA:125,0
DA:126,0
DA:128,0
DA:136,0
DA:137,0
DA:138,0
DA:141,0
DA:142,0
DA:143,0
DA:146,0
DA:147,0
DA:148,0
DA:156,0
DA:157,0
DA:158,0
DA:165,0
DA:166,0
DA:167,0
DA:172,0
DA:173,0
DA:174,0
DA:175,0
DA:177,0
DA:180,0
DA:181,0
DA:188,0
DA:189,0
DA:190,0
DA:192,0
DA:193,0
DA:196,0
DA:197,0
DA:198,0
DA:201,0
DA:202,0
DA:203,0
DA:207,0
DA:215,0
DA:216,0
DA:217,0
DA:219,0
DA:220,0
DA:227,0
DA:228,0
DA:229,0
DA:232,0
DA:233,0
DA:236,0
DA:239,0
DA:242,0
DA:245,0
DA:246,0
DA:247,0
DA:256,0
DA:258,0
DA:259,0
DA:261,0
DA:262,0
DA:264,0
DA:265,0
DA:267,0
DA:268,0
DA:269,0
DA:271,0
DA:272,0
DA:273,0
DA:276,0
DA:277,0
DA:280,0
DA:281,0
DA:290,0
DA:291,0
DA:297,0
DA:298,0
DA:300,0
DA:301,0
DA:302,0
DA:304,0
DA:305,0
DA:307,0
DA:308,0
DA:310,0
DA:311,0
DA:312,0
DA:316,0
DA:323,0
DA:326,0
DA:327,0
DA:333,0
DA:340,0
DA:343,0
DA:344,0
DA:350,0
DA:357,0
DA:358,0
DA:361,0
DA:362,0
DA:363,0
DA:364,0
DA:366,0
DA:367,0
DA:368,0
DA:374,0
DA:377,0
DA:384,0
DA:385,0
DA:388,0
DA:389,0
DA:390,0
DA:391,0
DA:393,0
DA:394,0
DA:395,0
DA:401,0
DA:404,0
DA:411,0
DA:412,0
DA:413,0
DA:414,0
DA:415,0
DA:424,0
DA:425,0
DA:426,0
DA:427,0
DA:428,0
DA:437,0
DA:438,0
DA:439,0
DA:440,0
DA:448,0
DA:449,0
DA:450,0
DA:458,0
DA:459,0
DA:460,0
DA:463,0
DA:470,0
DA:471,0
DA:479,0
DA:480,0
DA:490,0
DA:493,0
DA:494,0
DA:497,0
DA:498,0
DA:499,0
DA:500,0
DA:504,0
DA:507,0
DA:508,0
DA:512,0
DA:519,0
DA:520,0
DA:521,0
DA:528,0
DA:530,0
DA:531,0
DA:532,0
DA:538,0
LF:180
LH:0
BRDA:92,0,0,0
BRDA:94,1,0,0
BRDA:94,1,1,0
BRDA:94,2,0,0
BRDA:94,2,1,0
BRDA:104,3,0,0
BRDA:104,3,1,0
BRDA:104,4,0,0
BRDA:104,4,1,0
BRDA:126,5,0,0
BRDA:126,5,1,0
BRDA:128,6,0,0
BRDA:128,6,1,0
BRDA:192,7,0,0
BRDA:192,7,1,0
BRDA:193,8,0,0
BRDA:193,8,1,0
BRDA:196,9,0,0
BRDA:196,9,1,0
BRDA:202,10,0,0
BRDA:202,10,1,0
BRDA:219,11,0,0
BRDA:219,11,1,0
BRDA:220,12,0,0
BRDA:220,12,1,0
BRDA:227,13,0,0
BRDA:227,13,1,0
BRDA:245,14,0,0
BRDA:245,14,1,0
BRDA:245,15,0,0
BRDA:245,15,1,0
BRDA:256,16,0,0
BRDA:256,16,1,0
BRDA:256,16,2,0
BRDA:256,16,3,0
BRDA:256,16,4,0
BRDA:256,16,5,0
BRDA:256,16,6,0
BRDA:290,17,0,0
BRDA:290,17,1,0
BRDA:290,18,0,0
BRDA:290,18,1,0
BRDA:302,19,0,0
BRDA:302,19,1,0
BRDA:307,20,0,0
BRDA:307,20,1,0
BRDA:308,21,0,0
BRDA:308,21,1,0
BRDA:310,22,0,0
BRDA:310,22,1,0
BRDA:310,23,0,0
BRDA:310,23,1,0
BRDA:326,24,0,0
BRDA:326,24,1,0
BRDA:326,25,0,0
BRDA:326,25,1,0
BRDA:343,26,0,0
BRDA:343,26,1,0
BRDA:343,27,0,0
BRDA:343,27,1,0
BRDA:358,28,0,0
BRDA:358,28,1,0
BRDA:361,29,0,0
BRDA:361,29,1,0
BRDA:363,30,0,0
BRDA:363,30,1,0
BRDA:363,31,0,0
BRDA:363,31,1,0
BRDA:366,32,0,0
BRDA:366,32,1,0
BRDA:385,33,0,0
BRDA:385,33,1,0
BRDA:388,34,0,0
BRDA:388,34,1,0
BRDA:390,35,0,0
BRDA:390,35,1,0
BRDA:390,36,0,0
BRDA:390,36,1,0
BRDA:393,37,0,0
BRDA:393,37,1,0
BRDA:412,38,0,0
BRDA:412,38,1,0
BRDA:425,39,0,0
BRDA:425,39,1,0
BRDA:438,40,0,0
BRDA:438,40,1,0
BRDA:449,41,0,0
BRDA:449,41,1,0
BRDA:459,42,0,0
BRDA:459,42,1,0
BRDA:470,43,0,0
BRDA:470,43,1,0
BRDA:479,44,0,0
BRDA:479,44,1,0
BRDA:479,45,0,0
BRDA:479,45,1,0
BRDA:498,46,0,0
BRDA:498,46,1,0
BRDA:507,47,0,0
BRDA:507,47,1,0
BRF:100
BRH:0
end_of_record
TN:
SF:docs/js/utils/config-loader.js
FN:7,(anonymous_0)
FN:17,(anonymous_1)
FN:62,(anonymous_2)
FN:80,(anonymous_3)
FN:104,(anonymous_4)
FN:129,(anonymous_5)
FN:154,(anonymous_6)
FN:176,(anonymous_7)
FN:184,(anonymous_8)
FN:192,(anonymous_9)
FN:206,(anonymous_10)
FN:223,(anonymous_11)
FN:234,(anonymous_12)
FN:253,(anonymous_13)
FNF:14
FNH:0
FNDA:0,(anonymous_0)
FNDA:0,(anonymous_1)
FNDA:0,(anonymous_2)
FNDA:0,(anonymous_3)
FNDA:0,(anonymous_4)
FNDA:0,(anonymous_5)
FNDA:0,(anonymous_6)
FNDA:0,(anonymous_7)
FNDA:0,(anonymous_8)
FNDA:0,(anonymous_9)
FNDA:0,(anonymous_10)
FNDA:0,(anonymous_11)
FNDA:0,(anonymous_12)
FNDA:0,(anonymous_13)
DA:8,0
DA:9,0
DA:10,0
DA:11,0
DA:18,0
DA:64,0
DA:65,0
DA:69,0
DA:70,0
DA:73,0
DA:74,0
DA:81,0
DA:82,0
DA:83,0
DA:84,0
DA:87,0
DA:88,0
DA:91,0
DA:93,0
DA:95,0
DA:96,0
DA:97,0
DA:106,0
DA:109,0
DA:110,0
DA:114,0
DA:115,0
DA:119,0
DA:120,0
DA:130,0
DA:131,0
DA:132,0
DA:135,0
DA:136,0
DA:138,0
DA:139,0
DA:140,0
DA:142,0
DA:146,0
DA:155,0
DA:156,0
DA:159,0
DA:160,0
DA:162,0
DA:163,0
DA:164,0
DA:165,0
DA:167,0
DA:170,0
DA:177,0
DA:185,0
DA:193,0
DA:194,0
DA:207,0
DA:224,0
DA:235,0
DA:246,0
DA:249,0
DA:252,0
DA:253,0
DA:254,0
DA:257,0
DA:261,0
DA:262,0
LF:64
LH:0
BRDA:64,0,0,0
BRDA:64,0,1,0
BRDA:69,1,0,0
BRDA:69,1,1,0
BRDA:83,2,0,0
BRDA:83,2,1,0
BRDA:109,3,0,0
BRDA:109,3,1,0
BRDA:114,4,0,0
BRDA:114,4,1,0
BRDA:119,5,0,0
BRDA:119,5,1,0
BRDA:129,6,0,0
BRDA:130,7,0,0
BRDA:130,7,1,0
BRDA:139,8,0,0
BRDA:139,8,1,0
BRDA:139,9,0,0
BRDA:139,9,1,0
BRDA:139,9,2,0
BRDA:155,10,0,0
BRDA:155,10,1,0
BRDA:164,11,0,0
BRDA:164,11,1,0
BRDA:164,12,0,0
BRDA:164,12,1,0
BRDA:177,13,0,0
BRDA:177,13,1,0
BRDA:192,14,0,0
BRDA:195,15,0,0
BRDA:195,15,1,0
BRDA:196,16,0,0
BRDA:196,16,1,0
BRDA:197,17,0,0
BRDA:197,17,1,0
BRDA:198,18,0,0
BRDA:198,18,1,0
BRDA:199,19,0,0
BRDA:199,19,1,0
BRDA:252,20,0,0
BRDA:252,20,1,0
BRDA:261,21,0,0
BRDA:261,21,1,0
BRDA:261,22,0,0
BRDA:261,22,1,0
BRF:45
BRH:0
end_of_record
TN:
SF:docs/js/utils/retry-handler.js
FN:19,(anonymous_0)
FN:26,(anonymous_1)
FN:67,(anonymous_2)
FN:68,(anonymous_3)
FN:76,(anonymous_4)
FN:89,(anonymous_5)
FN:102,withRetry
FN:103,(anonymous_7)
FN:106,(anonymous_8)
FN:108,(anonymous_9)
FNF:10
FNH:0
FNDA:0,(anonymous_0)
FNDA:0,(anonymous_1)
FNDA:0,(anonymous_2)
FNDA:0,(anonymous_3)
FNDA:0,(anonymous_4)
FNDA:0,(anonymous_5)
FNDA:0,withRetry
FNDA:0,(anonymous_7)
FNDA:0,(anonymous_8)
FNDA:0,(anonymous_9)
DA:26,0
DA:27,0
DA:30,0
DA:32,0
DA:33,0
DA:34,0
DA:36,0
DA:39,0
DA:40,0
DA:44,0
DA:45,0
DA:49,0
DA:50,0
DA:52,0
DA:55,0
DA:59,0
DA:68,0
DA:77,0
DA:90,0
DA:103,0
DA:104,0
DA:106,0
DA:107,0
DA:108,0
DA:113,0
DA:118,0
DA:119,0
LF:27
LH:0
BRDA:19,0,0,0
BRDA:21,1,0,0
BRDA:22,2,0,0
BRDA:23,3,0,0
BRDA:24,4,0,0
BRDA:25,5,0,0
BRDA:26,6,0,0
BRDA:39,7,0,0
BRDA:39,7,1,0
BRDA:39,8,0,0
BRDA:39,8,1,0
BRDA:44,9,0,0
BRDA:44,9,1,0
BRDA:77,10,0,0
BRDA:77,10,1,0
BRDA:77,10,2,0
BRDA:77,10,3,0
BRDA:77,10,4,0
BRDA:90,11,0,0
BRDA:90,11,1,0
BRDA:90,11,2,0
BRDA:90,11,3,0
BRDA:90,11,4,0
BRDA:102,12,0,0
BRF:24
BRH:0
end_of_record
TN:
SF:docs/js/utils/ui-helper.js
FN:21,(anonymous_0)
FN:38,(anonymous_1)
FN:45,(anonymous_2)
FN:52,(anonymous_3)
FN:69,(anonymous_4)
FN:70,(anonymous_5)
FN:80,(anonymous_6)
FN:99,(anonymous_7)
FN:111,(anonymous_8)
FN:148,(anonymous_9)
FN:164,(anonymous_10)
FN:170,(anonymous_11)
FN:193,(anonymous_12)
FN:221,(anonymous_13)
FN:224,(anonymous_14)
FN:234,(anonymous_15)
FN:243,(anonymous_16)
FN:258,(anonymous_17)
FNF:18
FNH:0
FNDA:0,(anonymous_0)
FNDA:0,(anonymous_1)
FNDA:0,(anonymous_2)
FNDA:0,(anonymous_3)
FNDA:0,(anonymous_4)
FNDA:0,(anonymous_5)
FNDA:0,(anonymous_6)
FNDA:0,(anonymous_7)
FNDA:0,(anonymous_8)
FNDA:0,(anonymous_9)
FNDA:0,(anonymous_10)
FNDA:0,(anonymous_11)
FNDA:0,(anonymous_12)
FNDA:0,(anonymous_13)
FNDA:0,(anonymous_14)
FNDA:0,(anonymous_15)
FNDA:0,(anonymous_16)
FNDA:0,(anonymous_17)
DA:22,0
DA:25,0
DA:26,0
DA:27,0
DA:30,0
DA:31,0
DA:32,0
DA:33,0
DA:37,0
DA:38,0
DA:39,0
DA:44,0
DA:45,0
DA:46,0
DA:51,0
DA:52,0
DA:53,0
DA:54,0
DA:56,0
DA:61,0
DA:70,0
DA:71,0
DA:81,0
DA:94,0
DA:96,0
DA:99,0
DA:113,0
DA:130,0
DA:144,0
DA:147,0
DA:148,0
DA:149,0
DA:150,0
DA:155,0
DA:165,0
DA:170,0
DA:171,0
DA:182,0
DA:185,0
DA:194,0
DA:206,0
DA:217,0
DA:219,0
DA:222,0
DA:225,0
DA:235,0
DA:244,0
DA:245,0
DA:247,0
DA:248,0
DA:259,0
DA:260,0
DA:261,0
DA:267,0
DA:270,0
DA:271,0
LF:56
LH:0
BRDA:21,0,0,0
BRDA:25,1,0,0
BRDA:25,1,1,0
BRDA:26,2,0,0
BRDA:26,2,1,0
BRDA:27,3,0,0
BRDA:27,3,1,0
BRDA:30,4,0,0
BRDA:30,4,1,0
BRDA:32,5,0,0
BRDA:32,5,1,0
BRDA:37,6,0,0
BRDA:37,6,1,0
BRDA:44,7,0,0
BRDA:44,7,1,0
BRDA:51,8,0,0
BRDA:51,8,1,0
BRDA:53,9,0,0
BRDA:53,9,1,0
BRDA:80,10,0,0
BRDA:97,11,0,0
BRDA:97,11,1,0
BRDA:101,12,0,0
BRDA:101,12,1,0
BRDA:111,13,0,0
BRDA:131,14,0,0
BRDA:131,14,1,0
BRDA:132,15,0,0
BRDA:132,15,1,0
BRDA:141,16,0,0
BRDA:141,16,1,0
BRDA:147,17,0,0
BRDA:147,17,1,0
BRDA:149,18,0,0
BRDA:149,18,1,0
BRDA:164,19,0,0
BRDA:166,20,0,0
BRDA:166,20,1,0
BRDA:167,21,0,0
BRDA:167,21,1,0
BRDA:173,22,0,0
BRDA:173,22,1,0
BRDA:174,23,0,0
BRDA:174,23,1,0
BRDA:193,24,0,0
BRDA:195,25,0,0
BRDA:195,25,1,0
BRDA:196,26,0,0
BRDA:196,26,1,0
BRDA:208,27,0,0
BRDA:208,27,1,0
BRDA:258,28,0,0
BRDA:259,29,0,0
BRDA:259,29,1,0
BRDA:260,30,0,0
BRDA:260,30,1,0
BRDA:261,31,0,0
BRDA:261,31,1,0
BRDA:270,32,0,0
BRDA:270,32,1,0
BRDA:270,33,0,0
BRDA:270,33,1,0
BRF:62
BRH:0
end_of_record
