TN:
SF:docs/js/ranking-api.js
FN:6,(anonymous_0)
FN:17,(anonymous_1)
FN:49,(anonymous_2)
FN:72,(anonymous_3)
FN:88,(anonymous_4)
FNF:5
FNH:5
FNDA:12,(anonymous_0)
FNDA:4,(anonymous_1)
FNDA:4,(anonymous_2)
FNDA:2,(anonymous_3)
FNDA:33,(anonymous_4)
DA:7,12
DA:8,12
DA:18,4
DA:19,4
DA:30,3
DA:31,2
DA:32,2
DA:35,1
DA:37,3
DA:38,3
DA:50,4
DA:51,4
DA:55,3
DA:56,1
DA:59,2
DA:60,2
DA:62,2
DA:63,2
DA:73,2
DA:74,2
DA:76,2
DA:77,2
DA:78,2
DA:86,2
DA:87,2
DA:88,33
LF:26
LH:26
BRDA:30,0,0,2
BRDA:30,0,1,1
BRDA:32,1,0,2
BRDA:32,1,1,1
BRDA:49,2,0,3
BRDA:49,3,0,3
BRDA:49,4,0,3
BRDA:55,5,0,1
BRDA:55,5,1,2
BRF:9
BRH:9
end_of_record
TN:
SF:docs/js/ranking-controller.js
FN:2,(anonymous_0)
FN:14,(anonymous_1)
FN:15,(anonymous_2)
FN:19,(anonymous_3)
FN:23,(anonymous_4)
FN:27,(anonymous_5)
FN:32,(anonymous_6)
FN:46,(anonymous_7)
FN:66,(anonymous_8)
FN:74,(anonymous_9)
FN:78,(anonymous_10)
FN:83,(anonymous_11)
FNF:12
FNH:8
FNDA:22,(anonymous_0)
FNDA:22,(anonymous_1)
FNDA:0,(anonymous_2)
FNDA:0,(anonymous_3)
FNDA:0,(anonymous_4)
FNDA:0,(anonymous_5)
FNDA:13,(anonymous_6)
FNDA:4,(anonymous_7)
FNDA:2,(anonymous_8)
FNDA:2,(anonymous_9)
FNDA:2,(anonymous_10)
FNDA:2,(anonymous_11)
DA:3,22
DA:4,22
DA:5,22
DA:6,22
DA:8,22
DA:11,22
DA:15,22
DA:16,0
DA:19,22
DA:20,0
DA:23,22
DA:24,0
DA:27,22
DA:28,0
DA:33,13
DA:34,13
DA:36,13
DA:37,13
DA:38,13
DA:39,8
DA:41,5
DA:42,5
DA:47,4
DA:48,4
DA:56,4
DA:57,3
DA:59,2
DA:61,2
DA:62,2
DA:68,2
DA:69,2
DA:71,2
DA:75,2
DA:79,2
DA:80,2
DA:84,2
DA:85,2
LF:37
LH:33
BRDA:32,0,0,12
BRDA:32,1,0,12
BRDA:32,2,0,12
BRDA:33,3,0,13
BRDA:33,3,1,12
BRDA:34,4,0,13
BRDA:34,4,1,12
BRDA:39,5,0,8
BRDA:39,5,1,2
BRF:9
BRH:9
end_of_record
TN:
SF:docs/js/ranking-ui.js
FN:2,(anonymous_0)
FN:19,(anonymous_1)
FN:62,(anonymous_2)
FN:257,(anonymous_3)
FN:258,(anonymous_4)
FN:259,(anonymous_5)
FN:266,(anonymous_6)
FN:272,(anonymous_7)
FN:278,(anonymous_8)
FN:285,(anonymous_9)
FN:289,(anonymous_10)
FN:293,(anonymous_11)
FN:297,(anonymous_12)
FN:301,(anonymous_13)
FN:307,(anonymous_14)
FN:317,(anonymous_15)
FN:321,(anonymous_16)
FN:322,(anonymous_17)
FN:327,(anonymous_18)
FN:331,(anonymous_19)
FN:335,(anonymous_20)
FN:339,(anonymous_21)
FN:343,(anonymous_22)
FN:347,(anonymous_23)
FN:354,(anonymous_24)
FN:364,(anonymous_25)
FN:370,(anonymous_26)
FNF:27
FNH:23
FNDA:25,(anonymous_0)
FNDA:25,(anonymous_1)
FNDA:25,(anonymous_2)
FNDA:25,(anonymous_3)
FNDA:100,(anonymous_4)
FNDA:1,(anonymous_5)
FNDA:2,(anonymous_6)
FNDA:1,(anonymous_7)
FNDA:1,(anonymous_8)
FNDA:2,(anonymous_9)
FNDA:1,(anonymous_10)
FNDA:2,(anonymous_11)
FNDA:0,(anonymous_12)
FNDA:7,(anonymous_13)
FNDA:12,(anonymous_14)
FNDA:3,(anonymous_15)
FNDA:0,(anonymous_16)
FNDA:0,(anonymous_17)
FNDA:0,(anonymous_18)
FNDA:1,(anonymous_19)
FNDA:1,(anonymous_20)
FNDA:1,(anonymous_21)
FNDA:1,(anonymous_22)
FNDA:15,(anonymous_23)
FNDA:12,(anonymous_24)
FNDA:2,(anonymous_25)
FNDA:2,(anonymous_26)
DA:3,25
DA:4,25
DA:5,25
DA:7,25
DA:8,25
DA:9,25
DA:11,25
DA:20,25
DA:55,25
DA:56,25
DA:57,25
DA:58,25
DA:59,25
DA:63,25
DA:64,25
DA:65,24
DA:67,1
DA:68,1
DA:69,1
DA:254,1
DA:258,25
DA:259,100
DA:260,1
DA:261,1
DA:266,25
DA:267,2
DA:268,1
DA:272,25
DA:273,1
DA:274,1
DA:278,25
DA:279,1
DA:280,1
DA:286,2
DA:290,1
DA:294,2
DA:302,7
DA:303,1
DA:304,1
DA:307,12
DA:318,3
DA:322,0
DA:323,0
DA:328,0
DA:332,1
DA:336,1
DA:340,1
DA:344,1
DA:348,15
DA:349,15
DA:350,15
DA:351,15
DA:355,12
DA:360,12
DA:365,2
DA:366,2
DA:371,2
LF:57
LH:54
BRDA:64,0,0,24
BRDA:64,0,1,1
BRDA:260,1,0,1
BRDA:260,1,1,0
BRDA:267,2,0,1
BRDA:267,2,1,1
BRDA:273,3,0,1
BRDA:273,3,1,0
BRDA:279,4,0,1
BRDA:279,4,1,0
BRDA:302,5,0,1
BRDA:302,5,1,6
BRDA:302,6,0,7
BRDA:302,6,1,7
BRDA:309,7,0,12
BRDA:309,7,1,0
BRDA:309,8,0,12
BRDA:309,8,1,0
BRDA:348,9,0,0
BRDA:348,9,1,15
BRDA:360,10,0,12
BRDA:360,10,1,1
BRDA:366,11,0,2
BRDA:366,11,1,0
BRF:24
BRH:17
end_of_record
